number,value,datetime_start,datetime_complete,duration,params_dropout,params_hidden_dim,params_lr,user_attrs_domain_bal_accs,state
68,0.7180161988269976,2026-09-08 13:28:59.880735,2026-09-08 13:29:55.449829,0 days 00:00:55.569094,0.33073756875107124,64,0.0002649689836775713,"{np.str_('animal'): 0.5726982168890882, np.str_('music'): 0.8385964912280701, np.str_('soundscapes'): 0.7295081967213115, np.str_('speech'): 0.7312618904695207}",COMPLETE
69,0.6740339317884234,2026-09-08 13:29:55.450239,2026-09-08 13:30:42.998715,0 days 00:00:47.548476,0.30710261515112075,64,0.00019708565782944614,"{np.str_('animal'): 0.4927385892116183, np.str_('music'): 0.8021929824561403, np.str_('soundscapes'): 0.7213114754098361, np.str_('speech'): 0.6798926800760989}",COMPLETE
70,0.712653695099384,2026-09-08 13:30:42.999190,2026-09-08 13:31:41.086569,0 days 00:00:58.087379,0.22024831020722022,64,0.000494440402201202,"{np.str_('animal'): 0.5663620051586856, np.str_('music'): 0.8061403508771929, np.str_('soundscapes'): 0.7540983606557377, np.str_('speech'): 0.7240140637059199}",COMPLETE
71,0.7518380890083418,2026-09-08 13:31:41.087089,2026-09-08 13:32:18.237126,0 days 00:00:37.150037,0.26604972803893223,64,0.0037140367791705367,"{np.str_('animal'): 0.6546764606930582, np.str_('music'): 0.8385964912280701, np.str_('soundscapes'): 0.7950819672131147, np.str_('speech'): 0.7189974368991243}",COMPLETE
72,0.7400940127244169,2026-09-08 13:32:18.238217,2026-09-08 13:33:07.178566,0 days 00:00:48.940349,0.2889496652649225,64,0.0033059742829658957,"{np.str_('animal'): 0.6454244701132668, np.str_('music'): 0.8486842105263157, np.str_('soundscapes'): 0.7868852459016393, np.str_('speech'): 0.6793821243564457}",COMPLETE
73,0.7381864939096656,2026-09-08 13:33:07.179095,2026-09-08 13:33:37.717236,0 days 00:00:30.538141,0.2809899002939664,64,0.003086233891720805,"{np.str_('animal'): 0.5757261410788381, np.str_('music'): 0.8385964912280701, np.str_('soundscapes'): 0.8032786885245902, np.str_('speech'): 0.735144654807164}",COMPLETE
74,0.6949089708651381,2026-09-08 13:33:37.717805,2026-09-08 13:33:58.025178,0 days 00:00:20.307373,0.26696338165523215,64,0.0094396407015648,"{np.str_('animal'): 0.5354659638892003, np.str_('music'): 0.8223684210526316, np.str_('soundscapes'): 0.8114754098360656, np.str_('speech'): 0.6103260886826551}",COMPLETE
75,0.6914711448995068,2026-09-08 13:33:58.025830,2026-09-08 13:34:29.533876,0 days 00:00:31.508046,0.24967662328400456,64,0.005396567055397888,"{np.str_('animal'): 0.5478019513289223, np.str_('music'): 0.8149122807017544, np.str_('soundscapes'): 0.7622950819672131, np.str_('speech'): 0.6408752656001372}",COMPLETE
76,0.7044054225539934,2026-09-08 13:34:29.534429,2026-09-08 13:35:04.001292,0 days 00:00:34.466863,0.0019387810310510512,64,0.0026532097802373956,"{np.str_('animal'): 0.5876976561623865, np.str_('music'): 0.8048245614035088, np.str_('soundscapes'): 0.7295081967213115, np.str_('speech'): 0.6955912759287668}",COMPLETE
77,0.7097975831887885,2026-09-08 13:35:04.001772,2026-09-08 13:35:33.710744,0 days 00:00:29.708972,0.20567614133746304,32,0.0016671287922782013,"{np.str_('animal'): 0.5514186385555679, np.str_('music'): 0.8149122807017544, np.str_('soundscapes'): 0.8032786885245902, np.str_('speech'): 0.6695807249732415}",COMPLETE
78,0.7275255617133103,2026-09-08 13:35:33.711412,2026-09-08 13:36:16.121625,0 days 00:00:42.410213,0.38667094599472296,64,0.004727675437933696,"{np.str_('animal'): 0.5701469103958731, np.str_('music'): 0.8298245614035088, np.str_('soundscapes'): 0.8032786885245902, np.str_('speech'): 0.7068520865292692}",COMPLETE
79,0.7363761540548479,2026-09-08 13:36:16.122093,2026-09-08 13:36:53.152335,0 days 00:00:37.030242,0.2974097654914678,64,0.0037842245837468643,"{np.str_('animal'): 0.6281821240327464, np.str_('music'): 0.831140350877193, np.str_('soundscapes'): 0.7704918032786885, np.str_('speech'): 0.7156903380307635}",COMPLETE
80,0.7031785423603026,2026-09-08 13:36:53.152882,2026-09-08 13:37:18.060755,0 days 00:00:24.907873,0.32319426829857845,64,0.002287607503774074,"{np.str_('animal'): 0.5423629023214085, np.str_('music'): 0.8473684210526315, np.str_('soundscapes'): 0.7786885245901639, np.str_('speech'): 0.6442943214770067}",COMPLETE
81,0.6931187548456198,2026-09-08 13:37:18.061248,2026-09-08 13:37:41.156481,0 days 00:00:23.095233,0.23565009875049064,64,0.002898661029660573,"{np.str_('animal'): 0.5347650555119434, np.str_('music'): 0.8298245614035088, np.str_('soundscapes'): 0.7950819672131147, np.str_('speech'): 0.6128034352539121}",COMPLETE
82,0.7301087946309384,2026-09-08 13:37:41.161438,2026-09-08 13:38:04.820658,0 days 00:00:23.659220,0.2733007671157338,64,0.004403474185509393,"{np.str_('animal'): 0.6439385443534822, np.str_('music'): 0.8399122807017544, np.str_('soundscapes'): 0.7622950819672131, np.str_('speech'): 0.6742892715013038}",COMPLETE
83,0.7529929551768699,2026-09-08 13:38:04.821160,2026-09-08 13:38:49.865573,0 days 00:00:45.044413,0.2866937362278496,64,0.006675898221224697,"{np.str_('animal'): 0.5746607603454077, np.str_('music'): 0.8811403508771929, np.str_('soundscapes'): 0.8442622950819672, np.str_('speech'): 0.7119084144029117}",COMPLETE
84,0.7412861885619151,2026-09-08 13:38:49.866030,2026-09-08 13:39:31.893223,0 days 00:00:42.027193,0.29092082635144156,64,0.007158787525495592,"{np.str_('animal'): 0.64068632948301, np.str_('music'): 0.812280701754386, np.str_('soundscapes'): 0.7950819672131147, np.str_('speech'): 0.7170957557971498}",COMPLETE
85,0.7066044916240128,2026-09-08 13:39:31.893679,2026-09-08 13:39:57.052804,0 days 00:00:25.159125,0.25815551833511635,64,0.007204131659149861,"{np.str_('animal'): 0.6382471683301558, np.str_('music'): 0.8135964912280702, np.str_('soundscapes'): 0.7295081967213115, np.str_('speech'): 0.6450661102165137}",COMPLETE
86,0.7180926660416399,2026-09-08 13:39:57.053368,2026-09-08 13:40:29.937240,0 days 00:00:32.883872,0.288657448844717,64,0.008530106163900819,"{np.str_('animal'): 0.5913704160592127, np.str_('music'): 0.837280701754386, np.str_('soundscapes'): 0.7868852459016393, np.str_('speech'): 0.6568343004513217}",COMPLETE
87,0.730694688694489,2026-09-08 13:40:29.937872,2026-09-08 13:41:06.904961,0 days 00:00:36.967089,0.351046978851167,64,0.006778977076174567,"{np.str_('animal'): 0.596052484019289, np.str_('music'): 0.837280701754386, np.str_('soundscapes'): 0.7704918032786885, np.str_('speech'): 0.7189537657255926}",COMPLETE
88,0.7290622415472106,2026-09-08 13:41:06.905477,2026-09-08 13:41:37.470281,0 days 00:00:30.564804,0.3133962087722625,64,0.005642698177715739,"{np.str_('animal'): 0.5845575866322754, np.str_('music'): 0.856140350877193, np.str_('soundscapes'): 0.7786885245901639, np.str_('speech'): 0.6968625040892099}",COMPLETE
89,0.7270469788508988,2026-09-08 13:41:37.470823,2026-09-08 13:42:07.967251,0 days 00:00:30.496428,0.2795605990022213,32,0.004019409215771411,"{np.str_('animal'): 0.5774363575193451, np.str_('music'): 0.8048245614035088, np.str_('soundscapes'): 0.7950819672131147, np.str_('speech'): 0.7308450292676265}",COMPLETE
90,0.7103572876357409,2026-09-08 13:42:07.967777,2026-09-08 13:42:33.744150,0 days 00:00:25.776373,0.3012168037893262,64,0.0011383277230876455,"{np.str_('animal'): 0.5701469103958731, np.str_('music'): 0.8811403508771929, np.str_('soundscapes'): 0.7295081967213115, np.str_('speech'): 0.6606336925485862}",COMPLETE
91,0.73265332673052,2026-09-08 13:42:33.744758,2026-09-08 13:43:14.163514,0 days 00:00:40.418756,0.31979632829285853,64,0.006699136975802088,"{np.str_('animal'): 0.6069586183694067, np.str_('music'): 0.8236842105263158, np.str_('soundscapes'): 0.8032786885245902, np.str_('speech'): 0.6966917895017675}",COMPLETE
92,0.7346362539529764,2026-09-08 13:43:14.164306,2026-09-08 13:43:52.125307,0 days 00:00:37.961001,0.33250057597162447,64,0.0018807707973375312,"{np.str_('animal'): 0.6152013008859483, np.str_('music'): 0.8135964912280702, np.str_('soundscapes'): 0.7950819672131147, np.str_('speech'): 0.7146652564847722}",COMPLETE
93,0.7136916141640061,2026-09-08 13:43:52.125797,2026-09-08 13:44:28.264063,0 days 00:00:36.138266,0.2950348242764529,64,0.007975132250721021,"{np.str_('animal'): 0.5799876640125603, np.str_('music'): 0.8135964912280702, np.str_('soundscapes'): 0.7540983606557377, np.str_('speech'): 0.7070839407596561}",COMPLETE
94,0.7188913049176187,2026-09-08 13:44:28.264508,2026-09-08 13:44:59.206810,0 days 00:00:30.942302,0.2629665153791826,64,0.009804966460753217,"{np.str_('animal'): 0.588763036895817, np.str_('music'): 0.8210526315789474, np.str_('soundscapes'): 0.7622950819672131, np.str_('speech'): 0.7034544692284971}",COMPLETE
95,0.7038585314068216,2026-09-08 13:44:59.207646,2026-09-08 13:45:36.839458,0 days 00:00:37.631812,0.2438676825130081,64,0.005797996688294718,"{np.str_('animal'): 0.5502411124817763, np.str_('music'): 0.8460526315789474, np.str_('soundscapes'): 0.7377049180327869, np.str_('speech'): 0.681435463533776}",COMPLETE
96,0.7107897380540926,2026-09-08 13:45:36.839944,2026-09-08 13:46:18.729448,0 days 00:00:41.889504,0.28106051087959677,64,0.0022911798075052644,"{np.str_('animal'): 0.587641583492206, np.str_('music'): 0.7947368421052632, np.str_('soundscapes'): 0.7540983606557377, np.str_('speech'): 0.7066821659631638}",COMPLETE
97,0.6923015644547246,2026-09-08 13:46:18.729965,2026-09-08 13:46:50.890761,0 days 00:00:32.160796,0.22692376949351017,64,0.0002987531638812885,"{np.str_('animal'): 0.5042334865986318, np.str_('music'): 0.837280701754386, np.str_('soundscapes'): 0.7540983606557377, np.str_('speech'): 0.6735937088101431}",COMPLETE
98,0.7462019088078053,2026-09-08 13:46:50.891235,2026-09-08 13:47:28.279293,0 days 00:00:37.388058,0.3067330665475237,32,0.00432534262338821,"{np.str_('animal'): 0.652125154199843, np.str_('music'): 0.8635964912280701, np.str_('soundscapes'): 0.7540983606557377, np.str_('speech'): 0.7149876291475705}",COMPLETE
99,0.7231536194868613,2026-09-08 13:47:28.279858,2026-09-08 13:48:02.644184,0 days 00:00:34.364326,0.30821605697321947,32,0.004918499966118878,"{np.str_('animal'): 0.6029213861164069, np.str_('music'): 0.856140350877193, np.str_('soundscapes'): 0.7540983606557377, np.str_('speech'): 0.6794543802981075}",COMPLETE
