number,value,datetime_start,datetime_complete,duration,params_dropout,params_hidden_dim,params_lr,user_attrs_domain_bal_accs,state
0,0.767048866507855,2026-09-01 16:29:45.820848,2026-09-01 16:30:37.424775,0 days 00:00:51.603927,0.37037669922003447,32,0.0017633685516645669,"{np.str_('animal'): 0.7351687787372435, np.str_('music'): 0.7346491228070176, np.str_('soundscapes'): 0.6475409836065573, np.str_('speech'): 0.9508365808806014}",COMPLETE
1,0.7865363889299465,2026-09-01 16:30:37.425445,2026-09-01 16:31:26.391948,0 days 00:00:48.966503,0.19158313087630746,32,0.0007381784416323043,"{np.str_('animal'): 0.7575137378041943, np.str_('music'): 0.743421052631579, np.str_('soundscapes'): 0.6967213114754098, np.str_('speech'): 0.9484894538086028}",COMPLETE
2,0.8036808926266433,2026-09-01 16:31:26.392558,2026-09-01 16:32:51.907266,0 days 00:01:25.514708,0.09940758173401221,32,0.00014331744270381383,"{np.str_('animal'): 0.7253280251205563, np.str_('music'): 0.8184210526315789, np.str_('soundscapes'): 0.721311475409836, np.str_('speech'): 0.9496630173446021}",COMPLETE
3,0.7772846207748046,2026-09-01 16:32:51.908051,2026-09-01 16:33:12.679965,0 days 00:00:20.771914,0.19686073812071803,128,0.005198173002440708,"{np.str_('animal'): 0.6799932712795783, np.str_('music'): 0.7833333333333333, np.str_('soundscapes'): 0.7049180327868853, np.str_('speech'): 0.9408938456994216}",COMPLETE
4,0.7878985089310867,2026-09-01 16:33:12.680441,2026-09-01 16:35:17.441579,0 days 00:02:04.761138,0.4495542981188464,64,3.2226698526290365e-05,"{np.str_('animal'): 0.7835875294381518, np.str_('music'): 0.7320175438596491, np.str_('soundscapes'): 0.6885245901639345, np.str_('speech'): 0.9474643722626115}",COMPLETE
5,0.7532510222602741,2026-09-01 16:35:17.442037,2026-09-01 16:37:20.183611,0 days 00:02:02.741574,0.4495580007192713,64,4.1995054156775385e-05,"{np.str_('animal'): 0.7544858136144443, np.str_('music'): 0.7070175438596491, np.str_('soundscapes'): 0.6065573770491803, np.str_('speech'): 0.9449433545178226}",COMPLETE
6,0.7354661146158445,2026-09-01 16:37:20.184022,2026-09-01 16:39:05.699009,0 days 00:01:45.514987,0.2389926014875381,32,2.1132535852088562e-05,"{np.str_('animal'): 0.7669900190647079, np.str_('music'): 0.6153508771929824, np.str_('soundscapes'): 0.6147540983606558, np.str_('speech'): 0.9447694638450324}",COMPLETE
7,0.7895504880002422,2026-09-01 16:39:05.699541,2026-09-01 16:39:26.502732,0 days 00:00:20.803191,0.10410685152736526,64,0.0023087927575032078,"{np.str_('animal'): 0.776718627341034, np.str_('music'): 0.7258771929824561, np.str_('soundscapes'): 0.7049180327868853, np.str_('speech'): 0.9506880988905934}",COMPLETE
8,0.7871835978070741,2026-09-01 16:39:26.503187,2026-09-01 16:40:03.823937,0 days 00:00:37.320750,0.2610456042730136,128,0.0004291933802116359,"{np.str_('animal'): 0.757990355500729, np.str_('music'): 0.7684210526315789, np.str_('soundscapes'): 0.6721311475409837, np.str_('speech'): 0.950191835555005}",COMPLETE
9,0.7543455859309428,2026-09-01 16:40:03.824540,2026-09-01 16:42:07.585601,0 days 00:02:03.761061,0.38273676349163044,64,1.529513197866509e-05,"{np.str_('animal'): 0.7825782213749019, np.str_('music'): 0.6092105263157894, np.str_('soundscapes'): 0.680327868852459, np.str_('speech'): 0.9452657271806209}",COMPLETE
10,0.8033277559237062,2026-09-01 16:42:07.586163,2026-09-01 16:44:03.723955,0 days 00:01:56.137792,0.013833580672421991,32,7.510874445955977e-05,"{np.str_('animal'): 0.7860827632611864, np.str_('music'): 0.7771929824561403, np.str_('soundscapes'): 0.7049180327868853, np.str_('speech'): 0.9451172451906127}",COMPLETE
11,0.8076404660325318,2026-09-01 16:44:03.724668,2026-09-01 16:45:08.761680,0 days 00:01:05.037012,0.0033910614954957164,32,0.00014180574925543946,"{np.str_('animal'): 0.7340473253336324, np.str_('music'): 0.8109649122807017, np.str_('soundscapes'): 0.7377049180327868, np.str_('speech'): 0.9478447084830064}",COMPLETE
12,0.8097970416561102,2026-09-01 16:45:08.762305,2026-09-01 16:46:16.810118,0 days 00:01:08.047813,0.022132378349758272,32,0.00015277374654643964,"{np.str_('animal'): 0.7507569810474375, np.str_('music'): 0.8271929824561404, np.str_('soundscapes'): 0.7213114754098361, np.str_('speech'): 0.939926727711027}",COMPLETE
13,0.784134525996264,2026-09-01 16:46:16.810855,2026-09-01 16:47:02.339579,0 days 00:00:45.528724,0.00228321253657967,32,0.00020191944248599427,"{np.str_('animal'): 0.734103398003813, np.str_('music'): 0.7521929824561404, np.str_('soundscapes'): 0.7049180327868853, np.str_('speech'): 0.9453236907382174}",COMPLETE
14,0.7916415615586717,2026-09-01 16:47:02.340040,2026-09-01 16:48:08.510604,0 days 00:01:06.170564,0.08596061954311747,32,0.00024295377427375046,"{np.str_('animal'): 0.7424021531905349, np.str_('music'): 0.7771929824561403, np.str_('soundscapes'): 0.6967213114754098, np.str_('speech'): 0.9502497991126018}",COMPLETE
15,0.7802885743742176,2026-09-01 16:48:08.511042,2026-09-01 16:49:24.193974,0 days 00:01:15.682932,0.05335118221509484,32,0.00011025547011812086,"{np.str_('animal'): 0.7335707076370976, np.str_('music'): 0.7609649122807017, np.str_('soundscapes'): 0.680327868852459, np.str_('speech'): 0.9462908087266121}",COMPLETE
16,0.7982986695083915,2026-09-01 16:49:24.194541,2026-09-01 16:50:01.263945,0 days 00:00:37.069404,0.14571506994831263,128,0.0006239912410049565,"{np.str_('animal'): 0.7600089716272289, np.str_('music'): 0.7758771929824562, np.str_('soundscapes'): 0.7049180327868853, np.str_('speech'): 0.9523904806369956}",COMPLETE
17,0.7850435245336547,2026-09-01 16:50:01.264871,2026-09-01 16:51:53.050775,0 days 00:01:51.785904,0.044355735640189686,32,5.729565092352287e-05,"{np.str_('animal'): 0.7461309857575418, np.str_('music'): 0.743421052631579, np.str_('soundscapes'): 0.7049180327868853, np.str_('speech'): 0.9457040269586124}",COMPLETE
18,0.6713093141963676,2026-09-01 16:51:53.051351,2026-09-01 16:53:46.323343,0 days 00:01:53.271992,0.13700796807595517,32,1.007153103027367e-05,"{np.str_('animal'): 0.7297016933946394, np.str_('music'): 0.42894736842105263, np.str_('soundscapes'): 0.5819672131147541, np.str_('speech'): 0.9446209818550244}",COMPLETE
19,0.8018986742555918,2026-09-01 16:53:46.323830,2026-09-01 16:54:21.973475,0 days 00:00:35.649645,0.04880275672965003,128,0.0002738583022256064,"{np.str_('animal'): 0.7496355276438265, np.str_('music'): 0.7934210526315789, np.str_('soundscapes'): 0.7131147540983607, np.str_('speech'): 0.9514233626486011}",COMPLETE
20,0.7921524841202539,2026-09-01 16:54:21.973909,2026-09-01 16:54:45.660317,0 days 00:00:23.686408,0.002302369788266062,32,0.0014702666496904254,"{np.str_('animal'): 0.7163844342267579, np.str_('music'): 0.7934210526315789, np.str_('soundscapes'): 0.7049180327868853, np.str_('speech'): 0.9538864168357932}",COMPLETE
21,0.7953507232274469,2026-09-01 16:54:45.660891,2026-09-01 16:56:35.689210,0 days 00:01:50.028319,0.08831403440134039,32,8.479106171862603e-05,"{np.str_('animal'): 0.7274027139172368, np.str_('music'): 0.7934210526315789, np.str_('soundscapes'): 0.7131147540983607, np.str_('speech'): 0.9474643722626115}",COMPLETE
22,0.786726540577292,2026-09-01 16:56:35.689646,2026-09-01 16:57:46.731374,0 days 00:01:11.041728,0.12976571452438335,32,0.0001355892837790201,"{np.str_('animal'): 0.76012111696759, np.str_('music'): 0.7684210526315789, np.str_('soundscapes'): 0.6721311475409837, np.str_('speech'): 0.9462328451690154}",COMPLETE
23,0.7895407580021,2026-09-01 16:57:46.731841,2026-09-01 16:59:02.252963,0 days 00:01:15.521122,0.059642316483214386,32,0.00014235796674574606,"{np.str_('animal'): 0.7777279354042839, np.str_('music'): 0.743421052631579, np.str_('soundscapes'): 0.6885245901639344, np.str_('speech'): 0.9484894538086028}",COMPLETE
24,0.7790490771205911,2026-09-01 16:59:02.253551,2026-09-01 16:59:46.719162,0 days 00:00:44.465611,0.15763612417193684,32,0.0003036745145373398,"{np.str_('animal'): 0.749691600314007, np.str_('music'): 0.743421052631579, np.str_('soundscapes'): 0.6721311475409836, np.str_('speech'): 0.9509525079957949}",COMPLETE
25,0.7645056355024367,2026-09-01 16:59:46.719612,2026-09-01 17:00:10.698967,0 days 00:00:23.979355,0.08517484355004129,32,0.0008847916655551338,"{np.str_('animal'): 0.7060670629135359, np.str_('music'): 0.7346491228070176, np.str_('soundscapes'): 0.6721311475409836, np.str_('speech'): 0.9451752087482095}",COMPLETE
26,0.7972644770187383,2026-09-01 17:00:10.699439,2026-09-01 17:00:42.385627,0 days 00:00:31.686188,0.02638698476791536,32,0.0004556178162098076,"{np.str_('animal'): 0.7507569810474375, np.str_('music'): 0.7771929824561403, np.str_('soundscapes'): 0.7131147540983607, np.str_('speech'): 0.9479931904730143}",COMPLETE
27,0.7907942185736159,2026-09-01 17:00:42.386177,2026-09-01 17:01:57.981099,0 days 00:01:15.594922,0.18434258057476738,32,0.00017414667787238897,"{np.str_('animal'): 0.748682292250757, np.str_('music'): 0.7596491228070176, np.str_('soundscapes'): 0.7049180327868853, np.str_('speech'): 0.9499274264498035}",COMPLETE
28,0.7758403406207622,2026-09-01 17:01:57.981540,2026-09-01 17:03:53.225119,0 days 00:01:55.243579,0.11079761024306467,64,4.1473951923777096e-05,"{np.str_('animal'): 0.7481496018840417, np.str_('music'): 0.7346491228070176, np.str_('soundscapes'): 0.6721311475409836, np.str_('speech'): 0.948431490251006}",COMPLETE
29,0.8023871983727777,2026-09-01 17:03:53.225634,2026-09-01 17:05:28.933794,0 days 00:01:35.708160,0.30215824263135416,128,9.70911575684923e-05,"{np.str_('animal'): 0.7855500728944713, np.str_('music'): 0.7934210526315789, np.str_('soundscapes'): 0.680327868852459, np.str_('speech'): 0.9502497991126018}",COMPLETE
30,0.7889866212664917,2026-09-01 17:05:28.934291,2026-09-01 17:05:52.027380,0 days 00:00:23.093089,0.07384388166508501,32,0.0012040497511483406,"{np.str_('animal'): 0.7466076034540765, np.str_('music'): 0.7771929824561403, np.str_('soundscapes'): 0.6885245901639344, np.str_('speech'): 0.9436213089918153}",COMPLETE
31,0.7866570077486781,2026-09-01 17:05:52.027952,2026-09-01 17:08:02.509686,0 days 00:02:10.481734,0.018345131509926588,32,8.154494807950983e-05,"{np.str_('animal'): 0.7221879555904451, np.str_('music'): 0.7684210526315789, np.str_('soundscapes'): 0.7049180327868853, np.str_('speech'): 0.951100989985803}",COMPLETE
32,0.7664088253121621,2026-09-01 17:08:02.510369,2026-09-01 17:09:51.334574,0 days 00:01:48.824205,0.03207626218282075,32,6.010223445425483e-05,"{np.str_('animal'): 0.7310194011438824, np.str_('music'): 0.743421052631579, np.str_('soundscapes'): 0.6475409836065573, np.str_('speech'): 0.9436538638666299}",COMPLETE
33,0.7921299613995825,2026-09-01 17:09:51.335108,2026-09-01 17:11:02.661822,0 days 00:01:11.326714,0.004649852210497407,32,0.00016196657404040813,"{np.str_('animal'): 0.7320287092071325, np.str_('music'): 0.7934210526315789, np.str_('soundscapes'): 0.6967213114754098, np.str_('speech'): 0.9463487722842088}",COMPLETE
34,0.7891453702899122,2026-09-01 17:11:02.662417,2026-09-01 17:13:05.386792,0 days 00:02:02.724375,0.0568080755854968,32,2.7161054359856707e-05,"{np.str_('animal'): 0.7617191880677358, np.str_('music'): 0.7394736842105263, np.str_('soundscapes'): 0.7131147540983607, np.str_('speech'): 0.9422738547830258}",COMPLETE
35,0.7976082841427808,2026-09-01 17:13:05.387166,2026-09-01 17:15:09.903905,0 days 00:02:04.516739,0.11087716142919715,32,5.8165472776478485e-05,"{np.str_('animal'): 0.7653919479645621, np.str_('music'): 0.7684210526315789, np.str_('soundscapes'): 0.7131147540983607, np.str_('speech'): 0.9435053818766218}",COMPLETE
36,0.7818513295623837,2026-09-01 17:15:09.904450,2026-09-01 17:16:29.123359,0 days 00:01:19.218909,0.18347205500894875,32,0.00037153275265134294,"{np.str_('animal'): 0.7190478860603342, np.str_('music'): 0.7771929824561403, np.str_('soundscapes'): 0.680327868852459, np.str_('speech'): 0.9508365808806014}",COMPLETE
37,0.8000165072332777,2026-09-01 17:16:29.124224,2026-09-01 17:19:57.905124,0 days 00:03:28.780900,0.03553600564599361,64,3.340438741323992e-05,"{np.str_('animal'): 0.8052876527980262, np.str_('music'): 0.743421052631579, np.str_('soundscapes'): 0.7049180327868853, np.str_('speech'): 0.9464392907166201}",COMPLETE
38,0.7969431436093911,2026-09-01 17:19:57.905507,2026-09-01 17:20:36.280112,0 days 00:00:38.374605,0.0669184372607589,128,0.0037052846634328005,"{np.str_('animal'): 0.7481496018840417, np.str_('music'): 0.7771929824561403, np.str_('soundscapes'): 0.7131147540983607, np.str_('speech'): 0.9493152359990218}",COMPLETE
39,0.7668408157765877,2026-09-01 17:20:36.280742,2026-09-01 17:22:05.151434,0 days 00:01:28.870692,0.4893044945197885,32,0.0006223087388807816,"{np.str_('animal'): 0.7616631153975553, np.str_('music'): 0.7083333333333333, np.str_('soundscapes'): 0.6557377049180328, np.str_('speech'): 0.9416291094574294}",COMPLETE
40,0.781955494080443,2026-09-01 17:22:05.152736,2026-09-01 17:24:55.249343,0 days 00:02:50.096607,0.1638268567129398,64,6.310187207490913e-05,"{np.str_('animal'): 0.7632051138275204, np.str_('music'): 0.7521929824561404, np.str_('soundscapes'): 0.6639344262295082, np.str_('speech'): 0.9484894538086028}",COMPLETE
41,0.7907371833455521,2026-09-01 17:24:55.249897,2026-09-01 17:27:26.878199,0 days 00:02:31.628302,0.30605301682627756,128,9.80216590728351e-05,"{np.str_('animal'): 0.7642144218907705, np.str_('music'): 0.7684210526315789, np.str_('soundscapes'): 0.680327868852459, np.str_('speech'): 0.9499853900074002}",COMPLETE
42,0.7896205451020568,2026-09-01 17:27:26.878969,2026-09-01 17:28:51.387804,0 days 00:01:24.508835,0.35830268968225276,128,0.00012887952478364475,"{np.str_('animal'): 0.7642704945609511, np.str_('music'): 0.7508771929824561, np.str_('soundscapes'): 0.6967213114754098, np.str_('speech'): 0.9466131813894103}",COMPLETE
43,0.7933878427372779,2026-09-01 17:28:51.388527,2026-09-01 17:30:22.395875,0 days 00:01:31.007348,0.2551285668326839,128,0.00020665535342627106,"{np.str_('animal'): 0.7387854659638892, np.str_('music'): 0.7771929824561403, np.str_('soundscapes'): 0.7049180327868851, np.str_('speech'): 0.9526548897421971}",COMPLETE
44,0.8037542941428595,2026-09-01 17:30:22.397063,2026-09-01 17:32:42.809016,0 days 00:02:20.411953,0.30193917609149024,128,8.308635279043707e-05,"{np.str_('animal'): 0.793316137714478, np.str_('music'): 0.7771929824561403, np.str_('soundscapes'): 0.6967213114754098, np.str_('speech'): 0.9477867449254096}",COMPLETE
45,0.7923305681794273,2026-09-01 17:32:42.816882,2026-09-01 17:36:04.969610,0 days 00:03:22.152728,0.3814962654146963,128,4.453037859168477e-05,"{np.str_('animal'): 0.7595884266008748, np.str_('music'): 0.743421052631579, np.str_('soundscapes'): 0.7213114754098361, np.str_('speech'): 0.9450013180754193}",COMPLETE
46,0.7213431226491294,2026-09-01 17:36:04.970089,2026-09-01 17:39:12.748070,0 days 00:03:07.777981,0.2192793755363763,32,2.0089185470392374e-05,"{np.str_('animal'): 0.7343276886845351, np.str_('music'): 0.5666666666666667, np.str_('soundscapes'): 0.639344262295082, np.str_('speech'): 0.9450338729502339}",COMPLETE
47,0.7883020333494934,2026-09-01 17:39:12.749105,2026-09-01 17:40:26.065482,0 days 00:01:13.316377,0.41608093002645735,128,0.00022944187906725832,"{np.str_('animal'): 0.7553829763373332, np.str_('music'): 0.7684210526315789, np.str_('soundscapes'): 0.680327868852459, np.str_('speech'): 0.9490762355766025}",COMPLETE
48,0.790622733051322,2026-09-01 17:40:26.066014,2026-09-01 17:43:03.161895,0 days 00:02:37.095881,0.3037427116705053,64,8.581259681334534e-05,"{np.str_('animal'): 0.7595884266008748, np.str_('music'): 0.7771929824561403, np.str_('soundscapes'): 0.680327868852459, np.str_('speech'): 0.9453816542958142}",COMPLETE
49,0.7782289012265661,2026-09-01 17:43:03.164281,2026-09-01 17:43:49.519559,0 days 00:00:46.355278,0.022469971310026354,32,0.00038778173841992446,"{np.str_('animal'): 0.7278793316137715, np.str_('music'): 0.7596491228070176, np.str_('soundscapes'): 0.680327868852459, np.str_('speech'): 0.9450592816330161}",COMPLETE
50,0.793646382158848,2026-09-01 17:43:49.520097,2026-09-01 17:45:58.974933,0 days 00:02:09.454836,0.2131571172421756,32,0.00012033993732381805,"{np.str_('animal'): 0.7772513177077492, np.str_('music'): 0.7609649122807017, np.str_('soundscapes'): 0.6885245901639344, np.str_('speech'): 0.9478447084830064}",COMPLETE
51,0.786934055305861,2026-09-01 17:45:58.975539,2026-09-01 17:48:39.916816,0 days 00:02:40.941277,0.28968565553619485,128,7.298414531088133e-05,"{np.str_('animal'): 0.7491589099472917, np.str_('music'): 0.7521929824561404, np.str_('soundscapes'): 0.6967213114754098, np.str_('speech'): 0.9496630173446021}",COMPLETE
52,0.7924345644276513,2026-09-01 17:48:39.917570,2026-09-01 17:50:41.853109,0 days 00:02:01.935539,0.357517060154991,128,0.00010117982495761198,"{np.str_('animal'): 0.7502242906807222, np.str_('music'): 0.7684210526315789, np.str_('soundscapes'): 0.7049180327868853, np.str_('speech'): 0.9461748816114186}",COMPLETE
53,0.7954793212878082,2026-09-01 17:50:41.854649,2026-09-01 17:52:18.648879,0 days 00:01:36.794230,0.3320492716839748,128,0.00017623826212004567,"{np.str_('animal'): 0.7636817315240552, np.str_('music'): 0.7684210526315789, np.str_('soundscapes'): 0.6967213114754098, np.str_('speech'): 0.9530931895201888}",COMPLETE
54,0.7892961826478773,2026-09-01 17:52:18.649622,2026-09-01 17:56:08.319807,0 days 00:03:49.670185,0.0012817736157512555,128,3.8303213244071756e-05,"{np.str_('animal'): 0.726813950880341, np.str_('music'): 0.7508771929824561, np.str_('soundscapes'): 0.7295081967213115, np.str_('speech'): 0.9499853900074002}",COMPLETE
55,0.7884885346715409,2026-09-01 17:56:08.337156,2026-09-01 17:57:56.386449,0 days 00:01:48.049293,0.43382984335115526,128,0.00028349433507581645,"{np.str_('animal'): 0.7647471122574857, np.str_('music'): 0.7521929824561404, np.str_('soundscapes'): 0.6885245901639344, np.str_('speech'): 0.9484894538086028}",COMPLETE
56,0.7720102447636864,2026-09-01 17:57:56.395014,2026-09-01 18:01:24.175280,0 days 00:03:27.780266,0.2869762302521255,32,4.619127994260675e-05,"{np.str_('animal'): 0.7528877425142986, np.str_('music'): 0.7596491228070176, np.str_('soundscapes'): 0.6311475409836065, np.str_('speech'): 0.9443565727498229}",COMPLETE
57,0.7725249270630168,2026-09-01 18:01:24.176237,2026-09-01 18:01:59.658579,0 days 00:00:35.482342,0.330510511463154,128,0.007162655397354484,"{np.str_('animal'): 0.7314399461702366, np.str_('music'): 0.724561403508772, np.str_('soundscapes'): 0.680327868852459, np.str_('speech'): 0.9537704897205997}",COMPLETE
58,0.791783008934541,2026-09-01 18:01:59.660019,2026-09-01 18:04:20.157937,0 days 00:02:20.497918,0.09267277404736358,32,0.00011572126499510763,"{np.str_('animal'): 0.7497476729841875, np.str_('music'): 0.7684210526315789, np.str_('soundscapes'): 0.6967213114754098, np.str_('speech'): 0.9522419986469877}",COMPLETE
59,0.765987369722601,2026-09-01 18:04:20.158898,2026-09-01 18:06:10.428913,0 days 00:01:50.270015,0.26266766909971484,32,0.00014647807413505336,"{np.str_('animal'): 0.7320847818773131, np.str_('music'): 0.7258771929824561, np.str_('soundscapes'): 0.6557377049180328, np.str_('speech'): 0.9502497991126018}",COMPLETE
60,0.7898364028309987,2026-09-01 18:06:10.429483,2026-09-01 18:08:00.905905,0 days 00:01:50.476422,0.041383382630412996,32,0.00019806367815009105,"{np.str_('animal'): 0.753840977907368, np.str_('music'): 0.7596491228070176, np.str_('soundscapes'): 0.6967213114754098, np.str_('speech'): 0.9491341991341992}",COMPLETE
61,0.8089270622335656,2026-09-01 18:08:00.908497,2026-09-01 18:08:59.168856,0 days 00:00:58.260359,0.01828626965811603,128,0.0002957674717995898,"{np.str_('animal'): 0.7574576651340137, np.str_('music'): 0.8184210526315789, np.str_('soundscapes'): 0.7049180327868853, np.str_('speech'): 0.9549114983817846}",COMPLETE
62,0.7945176957437312,2026-09-01 18:08:59.169953,2026-09-01 18:09:47.059957,0 days 00:00:47.890004,0.022146572750921106,128,0.0003006844588027386,"{np.str_('animal'): 0.7179825053269037, np.str_('music'): 0.8021929824561403, np.str_('soundscapes'): 0.7049180327868853, np.str_('speech'): 0.9529772624049954}",COMPLETE
63,0.7934609480079324,2026-09-01 18:09:47.061032,2026-09-01 18:11:59.638460,0 days 00:02:12.577428,0.07339144887049498,128,7.066213734727943e-05,"{np.str_('animal'): 0.7512335987439722, np.str_('music'): 0.7771929824561403, np.str_('soundscapes'): 0.6967213114754098, np.str_('speech'): 0.9486958993562076}",COMPLETE
64,0.7851179751326386,2026-09-01 18:11:59.639138,2026-09-01 18:12:42.579193,0 days 00:00:42.940055,0.0505931174728258,128,0.0005037371823998624,"{np.str_('animal'): 0.7319726365369519, np.str_('music'): 0.7684210526315789, np.str_('soundscapes'): 0.6967213114754098, np.str_('speech'): 0.9433568998866138}",COMPLETE
65,0.8032507489535464,2026-09-01 18:12:42.586387,2026-09-01 18:14:17.022955,0 days 00:01:34.436568,0.0194395653049336,128,9.58976191193765e-05,"{np.str_('animal'): 0.7174498149601884, np.str_('music'): 0.8184210526315789, np.str_('soundscapes'): 0.721311475409836, np.str_('speech'): 0.9558206528125823}",COMPLETE
66,0.7962689726241624,2026-09-01 18:14:17.023773,2026-09-01 18:15:50.803228,0 days 00:01:33.779455,0.012853891952644934,32,0.0001575709450788236,"{np.str_('animal'): 0.7288886396770214, np.str_('music'): 0.8021929824561403, np.str_('soundscapes'): 0.7049180327868853, np.str_('speech'): 0.9490762355766025}",COMPLETE
67,0.7854249037069518,2026-09-01 18:15:50.803762,2026-09-01 18:17:08.911465,0 days 00:01:18.107703,0.03806711440012556,64,0.0002291659054632208,"{np.str_('animal'): 0.6992542334865985, np.str_('music'): 0.7684210526315789, np.str_('soundscapes'): 0.721311475409836, np.str_('speech'): 0.9527128532997938}",COMPLETE
