number,value,datetime_start,datetime_complete,duration,params_dropout,params_hidden_dim,params_lr,user_attrs_domain_bal_accs,state
0,0.7248646009890789,2026-09-08 16:12:25.376232,2026-09-08 16:12:45.496929,0 days 00:00:20.120697,6.020270634066183e-05,32,0.0038240129597449457,"{np.str_('animal'): 0.6776101827969048, np.str_('music'): 0.831140350877193, np.str_('soundscapes'): 0.6967213114754098, np.str_('speech'): 0.6939865588068083}",COMPLETE
1,0.7581396291835225,2026-09-08 16:12:45.497429,2026-09-08 16:13:38.817157,0 days 00:00:53.319728,0.35634071429973113,64,0.000422701257835033,"{np.str_('animal'): 0.6963384546372098, np.str_('music'): 0.8473684210526315, np.str_('soundscapes'): 0.7704918032786885, np.str_('speech'): 0.7183598377655604}",COMPLETE
2,0.7672748307538539,2026-09-08 16:13:38.817851,2026-09-08 16:15:43.862163,0 days 00:02:05.044312,0.4295878895062107,64,0.0001583683647358126,"{np.str_('animal'): 0.6979365257373557, np.str_('music'): 0.8723684210526316, np.str_('soundscapes'): 0.7704918032786885, np.str_('speech'): 0.7283025729467403}",COMPLETE
3,0.7464361712318036,2026-09-08 16:15:43.862553,2026-09-08 16:16:12.848034,0 days 00:00:28.985481,0.45452696134337656,64,0.0036596540025705926,"{np.str_('animal'): 0.6734047325333632, np.str_('music'): 0.8723684210526316, np.str_('soundscapes'): 0.7377049180327868, np.str_('speech'): 0.7022666133084329}",COMPLETE
4,0.7363049178196874,2026-09-08 16:16:12.848715,2026-09-08 16:17:29.624674,0 days 00:01:16.775959,0.13487205222047177,64,0.0005001594398486856,"{np.str_('animal'): 0.712347201973758, np.str_('music'): 0.7899122807017545, np.str_('soundscapes'): 0.7295081967213115, np.str_('speech'): 0.7134519918819259}",COMPLETE
5,0.7064419310414576,2026-09-08 16:17:29.625234,2026-09-08 16:17:55.663029,0 days 00:00:26.037795,0.22277184461239136,32,0.007604053923153733,"{np.str_('animal'): 0.6090893798362678, np.str_('music'): 0.8061403508771929, np.str_('soundscapes'): 0.7459016393442623, np.str_('speech'): 0.6646363541081075}",COMPLETE
6,0.7675958987466567,2026-09-08 16:17:55.663519,2026-09-08 16:19:37.369219,0 days 00:01:41.705700,0.10134052240679792,32,0.00023262265171231309,"{np.str_('animal'): 0.7181507233374453, np.str_('music'): 0.8811403508771929, np.str_('soundscapes'): 0.7622950819672132, np.str_('speech'): 0.7087974388047755}",COMPLETE
7,0.7219806389647853,2026-09-08 16:19:37.369601,2026-09-08 16:20:47.795344,0 days 00:01:10.425743,0.3490129453567624,32,0.00013571653189361948,"{np.str_('animal'): 0.5911180890434002, np.str_('music'): 0.8385964912280701, np.str_('soundscapes'): 0.7704918032786885, np.str_('speech'): 0.6877161723089823}",COMPLETE
8,0.7239964481215534,2026-09-08 16:20:47.795855,2026-09-08 16:21:15.965527,0 days 00:00:28.169672,0.08002929364285188,64,0.0029815763311423996,"{np.str_('animal'): 0.6909554782998766, np.str_('music'): 0.8399122807017544, np.str_('soundscapes'): 0.6721311475409836, np.str_('speech'): 0.692986885943599}",COMPLETE
9,0.68817626785501,2026-09-08 16:21:15.966015,2026-09-08 16:22:15.241945,0 days 00:00:59.275930,0.1881847453982763,64,2.693202756450628e-05,"{np.str_('animal'): 0.5370640349893462, np.str_('music'): 0.7960526315789473, np.str_('soundscapes'): 0.7786885245901639, np.str_('speech'): 0.6408998802615824}",COMPLETE
10,0.6363507373419925,2026-09-08 16:22:15.243443,2026-09-08 16:23:05.633139,0 days 00:00:50.389696,0.2598022534469169,32,1.1260661891556184e-05,"{np.str_('animal'): 0.4460300549512168, np.str_('music'): 0.7535087719298246, np.str_('soundscapes'): 0.7377049180327868, np.str_('speech'): 0.6081592044541421}",COMPLETE
11,0.6933458979894505,2026-09-08 16:23:05.633629,2026-09-08 16:23:57.660092,0 days 00:00:52.026463,0.4415182290797336,32,0.00010864677298802538,"{np.str_('animal'): 0.5287092071324436, np.str_('music'): 0.8135964912280702, np.str_('soundscapes'): 0.7786885245901639, np.str_('speech'): 0.652389369007124}",COMPLETE
12,0.7255628617553602,2026-09-08 16:23:57.660599,2026-09-08 16:24:46.778515,0 days 00:00:49.117916,0.31388255898991246,32,0.0003409740825296019,"{np.str_('animal'): 0.603033531456768, np.str_('music'): 0.8298245614035088, np.str_('soundscapes'): 0.7704918032786885, np.str_('speech'): 0.6989015508824754}",COMPLETE
13,0.7448896151195177,2026-09-08 16:24:46.778887,2026-09-08 16:26:29.300619,0 days 00:01:42.521732,0.49615849474240237,64,0.00012181994467860496,"{np.str_('animal'): 0.6295278681170797, np.str_('music'): 0.8473684210526315, np.str_('soundscapes'): 0.7950819672131147, np.str_('speech'): 0.7075802040952445}",COMPLETE
14,0.7337130701499854,2026-09-08 16:26:29.301089,2026-09-08 16:27:03.697306,0 days 00:00:34.396217,0.015624800500256872,64,0.0011673089721204743,"{np.str_('animal'): 0.7211225748570147, np.str_('music'): 0.7561403508771929, np.str_('soundscapes'): 0.7540983606557377, np.str_('speech'): 0.7034909942099964}",COMPLETE
15,0.6762390619231766,2026-09-08 16:27:03.697696,2026-09-08 16:28:26.361970,0 days 00:01:22.664274,0.11886436494094377,32,4.106284259084227e-05,"{np.str_('animal'): 0.5220085230458674, np.str_('music'): 0.7710526315789473, np.str_('soundscapes'): 0.7704918032786885, np.str_('speech'): 0.6414032897892032}",COMPLETE
16,0.7381969542698712,2026-09-08 16:28:26.382640,2026-09-08 16:29:48.045633,0 days 00:01:21.662993,0.40522827169093684,32,0.00022240304263138142,"{np.str_('animal'): 0.5993046988897611, np.str_('music'): 0.8723684210526316, np.str_('soundscapes'): 0.7704918032786885, np.str_('speech'): 0.7106228938584038}",COMPLETE
17,0.7452427067669392,2026-09-08 16:29:48.046241,2026-09-08 16:30:37.242040,0 days 00:00:49.195799,0.27730990091571806,64,0.0011025411113875718,"{np.str_('animal'): 0.6936750028036336, np.str_('music'): 0.856140350877193, np.str_('soundscapes'): 0.7295081967213115, np.str_('speech'): 0.7016472766656185}",COMPLETE
18,0.7200593566455649,2026-09-08 16:30:37.242925,2026-09-08 16:32:17.645205,0 days 00:01:40.402280,0.18053612171981143,64,5.406302039927016e-05,"{np.str_('animal'): 0.6004822249635529, np.str_('music'): 0.8385964912280701, np.str_('soundscapes'): 0.7622950819672132, np.str_('speech'): 0.6788636284234231}",COMPLETE
19,0.7529154401587478,2026-09-08 16:32:17.645695,2026-09-08 16:33:00.928413,0 days 00:00:43.282718,0.054172388217034906,32,0.0011893549588434305,"{np.str_('animal'): 0.7377200852304586, np.str_('music'): 0.8473684210526315, np.str_('soundscapes'): 0.7459016393442623, np.str_('speech'): 0.6806716150076385}",COMPLETE
20,0.713388467637538,2026-09-08 16:33:00.929338,2026-09-08 16:34:34.235542,0 days 00:01:33.306204,0.3697408868458275,32,7.582645128337403e-05,"{np.str_('animal'): 0.5646237523830885, np.str_('music'): 0.8385964912280701, np.str_('soundscapes'): 0.7622950819672132, np.str_('speech'): 0.6880385449717805}",COMPLETE
21,0.755142692781066,2026-09-08 16:34:34.236321,2026-09-08 16:36:24.456038,0 days 00:01:50.219717,0.3862483947800606,64,0.0003656315333728711,"{np.str_('animal'): 0.7721487047213188, np.str_('music'): 0.8149122807017544, np.str_('soundscapes'): 0.7377049180327869, np.str_('speech'): 0.695804867668404}",COMPLETE
22,0.7531694062994251,2026-09-08 16:36:24.457223,2026-09-08 16:37:38.063489,0 days 00:01:13.606266,0.49849674312346415,64,0.0007546093689641778,"{np.str_('animal'): 0.694740383537064, np.str_('music'): 0.8149122807017544, np.str_('soundscapes'): 0.7786885245901639, np.str_('speech'): 0.7243364363687181}",COMPLETE
23,0.7662998512806142,2026-09-08 16:37:38.063944,2026-09-08 16:39:12.490243,0 days 00:01:34.426299,0.32184901765200596,64,0.00019237198032940803,"{np.str_('animal'): 0.6932544577772793, np.str_('music'): 0.8723684210526316, np.str_('soundscapes'): 0.778688524590164, np.str_('speech'): 0.7208880017023818}",COMPLETE
24,0.746354162363194,2026-09-08 16:39:12.490652,2026-09-08 16:40:57.521884,0 days 00:01:45.031232,0.2972813328769553,64,0.00022038969425682928,"{np.str_('animal'): 0.705057754850286, np.str_('music'): 0.8061403508771929, np.str_('soundscapes'): 0.7540983606557377, np.str_('speech'): 0.7201201830695594}",COMPLETE
25,0.7415212714414813,2026-09-08 16:40:57.522309,2026-09-08 16:42:04.190647,0 days 00:01:06.668338,0.4345676208033367,64,0.00019542711847420676,"{np.str_('animal'): 0.6559661321072109, np.str_('music'): 0.8473684210526315, np.str_('soundscapes'): 0.7622950819672131, np.str_('speech'): 0.7004554506388696}",COMPLETE
26,0.6943236860973844,2026-09-08 16:42:04.191222,2026-09-08 16:43:56.988531,0 days 00:01:52.797309,0.24114492299929244,64,2.5197865387618468e-05,"{np.str_('animal'): 0.5422787933161377, np.str_('music'): 0.7960526315789473, np.str_('soundscapes'): 0.7786885245901639, np.str_('speech'): 0.6602747949042886}",COMPLETE
27,0.692339129313155,2026-09-08 16:43:56.989008,2026-09-08 16:44:45.848394,0 days 00:00:48.859386,0.32347113101257485,64,6.052789871761177e-05,"{np.str_('animal'): 0.5547269260962208, np.str_('music'): 0.7798245614035088, np.str_('soundscapes'): 0.7786885245901639, np.str_('speech'): 0.6561165051627267}",COMPLETE
28,0.7390851328208068,2026-09-08 16:44:45.848874,2026-09-08 16:46:15.739843,0 days 00:01:29.890969,0.40734850893867885,32,0.0006188110095588419,"{np.str_('animal'): 0.6516485365033082, np.str_('music'): 0.831140350877193, np.str_('soundscapes'): 0.7704918032786885, np.str_('speech'): 0.7030598406240373}",COMPLETE
29,0.7301093828767036,2026-09-08 16:46:15.740250,2026-09-08 16:47:09.806772,0 days 00:00:54.066522,0.18837383238142621,32,0.00023626491265179555,"{np.str_('animal'): 0.6008466973197264, np.str_('music'): 0.8473684210526315, np.str_('soundscapes'): 0.7622950819672131, np.str_('speech'): 0.7099273311672432}",COMPLETE
30,0.7318089636911993,2026-09-08 16:47:09.818765,2026-09-08 16:48:46.988630,0 days 00:01:37.169865,0.13898877013964048,64,8.897910527938436e-05,"{np.str_('animal'): 0.6206403498934618, np.str_('music'): 0.8385964912280701, np.str_('soundscapes'): 0.7622950819672132, np.str_('speech'): 0.705703931676052}",COMPLETE
31,0.7489174234405912,2026-09-08 16:48:46.989054,2026-09-08 16:50:05.450162,0 days 00:01:18.461108,0.3721465849018134,64,0.0003178327023032206,"{np.str_('animal'): 0.68117079735337, np.str_('music'): 0.8723684210526316, np.str_('soundscapes'): 0.7377049180327868, np.str_('speech'): 0.7044255573235765}",COMPLETE
32,0.733164038952799,2026-09-08 16:50:05.450608,2026-09-08 16:51:01.529574,0 days 00:00:56.078966,0.34108954694808463,64,0.00016640183630878649,"{np.str_('animal'): 0.6284624873836492, np.str_('music'): 0.8385964912280701, np.str_('soundscapes'): 0.778688524590164, np.str_('speech'): 0.6869086526093129}",COMPLETE
33,0.7520020731112153,2026-09-08 16:51:01.530227,2026-09-08 16:52:02.584131,0 days 00:01:01.053904,0.4592904059095826,64,0.0004578181150990012,"{np.str_('animal'): 0.7362902321408545, np.str_('music'): 0.8223684210526316, np.str_('soundscapes'): 0.721311475409836, np.str_('speech'): 0.7280381638415387}",COMPLETE
34,0.7278086364703571,2026-09-08 16:52:02.584603,2026-09-08 16:52:29.901120,0 days 00:00:27.316517,0.0013875281313920351,64,0.0019357553525130246,"{np.str_('animal'): 0.6937310754738141, np.str_('music'): 0.7899122807017545, np.str_('soundscapes'): 0.7459016393442623, np.str_('speech'): 0.6816895503615974}",COMPLETE
35,0.7500877375269248,2026-09-08 16:52:29.901576,2026-09-08 16:53:06.511525,0 days 00:00:36.609949,0.46685690237717586,64,0.0007785833046053028,"{np.str_('animal'): 0.6974038353706403, np.str_('music'): 0.8223684210526316, np.str_('soundscapes'): 0.7622950819672132, np.str_('speech'): 0.718283611717214}",COMPLETE
36,0.703923816534526,2026-09-08 16:53:06.511960,2026-09-08 16:53:48.999165,0 days 00:00:42.487205,0.4179984889714113,64,0.00014824228630551538,"{np.str_('animal'): 0.5610631378266233, np.str_('music'): 0.8135964912280702, np.str_('soundscapes'): 0.7622950819672131, np.str_('speech'): 0.6787405551161971}",COMPLETE
37,0.7557714392302474,2026-09-08 16:53:49.010653,2026-09-08 16:54:34.556510,0 days 00:00:45.545857,0.21773805013812333,64,0.0004631160212035175,"{np.str_('animal'): 0.6931423124369183, np.str_('music'): 0.8723684210526316, np.str_('soundscapes'): 0.7459016393442623, np.str_('speech'): 0.7116733840871772}",COMPLETE
38,0.752470012550963,2026-09-08 16:54:34.556894,2026-09-08 16:55:27.515764,0 days 00:00:52.958870,0.34854475434074184,32,0.0003058501848977473,"{np.str_('animal'): 0.6850117752607379, np.str_('music'): 0.8135964912280702, np.str_('soundscapes'): 0.8032786885245902, np.str_('speech'): 0.707993095190454}",COMPLETE
39,0.7376539435748568,2026-09-08 16:55:27.516326,2026-09-08 16:55:47.555532,0 days 00:00:20.039206,0.09512478388783886,64,0.009877881253654772,"{np.str_('animal'): 0.703039138723786, np.str_('music'): 0.8223684210526316, np.str_('soundscapes'): 0.7213114754098361, np.str_('speech'): 0.7038967391131734}",COMPLETE
40,0.7324312829109098,2026-09-08 16:55:47.555913,2026-09-08 16:56:13.507952,0 days 00:00:25.952039,0.2785365286143895,32,0.004525561673572803,"{np.str_('animal'): 0.6941516205001682, np.str_('music'): 0.8236842105263158, np.str_('soundscapes'): 0.721311475409836, np.str_('speech'): 0.6905778252073189}",COMPLETE
41,0.7528577319907875,2026-09-08 16:56:13.508353,2026-09-08 16:57:05.257522,0 days 00:00:51.749169,0.2172063175141356,64,0.00037212723994935545,"{np.str_('animal'): 0.7092632051138275, np.str_('music'): 0.831140350877193, np.str_('soundscapes'): 0.7540983606557377, np.str_('speech'): 0.7169290113163921}",COMPLETE
42,0.7597787848759752,2026-09-08 16:57:05.257934,2026-09-08 16:58:21.194135,0 days 00:01:15.936201,0.15310441720091184,64,0.0004385784125574567,"{np.str_('animal'): 0.6873387910732309, np.str_('music'): 0.8811403508771929, np.str_('soundscapes'): 0.7704918032786885, np.str_('speech'): 0.7001441942747886}",COMPLETE
43,0.7318936299411268,2026-09-08 16:58:21.194535,2026-09-08 16:59:34.852584,0 days 00:01:13.658049,0.161906320165928,64,0.00010848963530901233,"{np.str_('animal'): 0.6195749691600314, np.str_('music'): 0.8223684210526316, np.str_('soundscapes'): 0.7786885245901639, np.str_('speech'): 0.7069426049616805}",COMPLETE
44,0.7613553834281912,2026-09-08 16:59:34.853070,2026-09-08 17:00:40.669774,0 days 00:01:05.816704,0.04972794627708088,64,0.0006085952701200959,"{np.str_('animal'): 0.7236738813502299, np.str_('music'): 0.8736842105263158, np.str_('soundscapes'): 0.7459016393442623, np.str_('speech'): 0.7021618024919566}",COMPLETE
45,0.7292899879244676,2026-09-08 17:00:40.681238,2026-09-08 17:01:11.239687,0 days 00:00:30.558449,0.05002416488710415,64,0.001728265620950494,"{np.str_('animal'): 0.6868621733766962, np.str_('music'): 0.8399122807017544, np.str_('soundscapes'): 0.6967213114754098, np.str_('speech'): 0.69366418614401}",COMPLETE
46,0.7589145283829916,2026-09-08 17:01:11.240176,2026-09-08 17:02:16.297123,0 days 00:01:05.056947,0.07739415667742239,64,0.0005671715855824848,"{np.str_('animal'): 0.7330380172703824, np.str_('music'): 0.8649122807017544, np.str_('soundscapes'): 0.7459016393442623, np.str_('speech'): 0.6918061762155672}",COMPLETE
47,0.7430781852015598,2026-09-08 17:02:16.297684,2026-09-08 17:03:37.644283,0 days 00:01:21.346599,0.04177726723852315,32,0.00026189833258218406,"{np.str_('animal'): 0.7233094089940564, np.str_('music'): 0.7973684210526315, np.str_('soundscapes'): 0.7377049180327868, np.str_('speech'): 0.7139299927267646}",COMPLETE
48,0.7601572935285051,2026-09-08 17:03:37.644729,2026-09-08 17:04:31.709473,0 days 00:00:54.064744,0.1088116510517814,64,0.0007961009195852308,"{np.str_('animal'): 0.7314960188404172, np.str_('music'): 0.856140350877193, np.str_('soundscapes'): 0.7622950819672132, np.str_('speech'): 0.6906977224291971}",COMPLETE
49,0.7625754356618987,2026-09-08 17:04:31.709894,2026-09-08 17:05:05.810337,0 days 00:00:34.100443,0.11801432413173485,64,0.0008432685592409919,"{np.str_('animal'): 0.7045811371537513, np.str_('music'): 0.8473684210526315, np.str_('soundscapes'): 0.7868852459016393, np.str_('speech'): 0.7114669385395724}",COMPLETE
50,0.7262446422717264,2026-09-08 17:05:05.810904,2026-09-08 17:05:46.760688,0 days 00:00:40.949784,0.08368507968136198,32,0.0021812214211321943,"{np.str_('animal'): 0.6472748682292251, np.str_('music'): 0.8223684210526316, np.str_('soundscapes'): 0.7459016393442623, np.str_('speech'): 0.6894336404607864}",COMPLETE
51,0.7310112786127033,2026-09-08 17:05:46.761089,2026-09-08 17:06:19.754128,0 days 00:00:32.993039,0.11924415240785714,64,0.000902790554557821,"{np.str_('animal'): 0.7258607154872715, np.str_('music'): 0.781140350877193, np.str_('soundscapes'): 0.7131147540983607, np.str_('speech'): 0.703929293987988}",COMPLETE
52,0.7414253014783153,2026-09-08 17:06:19.754514,2026-09-08 17:06:52.870751,0 days 00:00:33.116237,0.11116036696204828,64,0.0014714758638018903,"{np.str_('animal'): 0.630677357855781, np.str_('music'): 0.856140350877193, np.str_('soundscapes'): 0.7704918032786885, np.str_('speech'): 0.7083916939015986}",COMPLETE
53,0.732635224493525,2026-09-08 17:06:52.882382,2026-09-08 17:07:16.052920,0 days 00:00:23.170538,0.06727799582713766,64,0.0033214778167466414,"{np.str_('animal'): 0.7175619603005495, np.str_('music'): 0.7649122807017543, np.str_('soundscapes'): 0.7540983606557377, np.str_('speech'): 0.6939682963160586}",COMPLETE
54,0.727593936476571,2026-09-08 17:07:16.053423,2026-09-08 17:07:45.313725,0 days 00:00:29.260302,0.019902742072677934,64,0.000606505241406993,"{np.str_('animal'): 0.6258551082202535, np.str_('music'): 0.831140350877193, np.str_('soundscapes'): 0.7622950819672132, np.str_('speech'): 0.6910852048416245}",COMPLETE
55,0.779564146020987,2026-09-08 17:07:45.314107,2026-09-08 17:09:34.348244,0 days 00:01:49.034137,0.03465236753643011,64,0.0001759426583177853,"{np.str_('animal'): 0.755971739374229, np.str_('music'): 0.8723684210526316, np.str_('soundscapes'): 0.7704918032786885, np.str_('speech'): 0.7194246203783988}",COMPLETE
56,0.7519378406831457,2026-09-08 17:09:34.348950,2026-09-08 17:10:33.440584,0 days 00:00:59.091634,0.021139051435782617,64,0.00017661047066851732,"{np.str_('animal'): 0.6683581922171133, np.str_('music'): 0.8723684210526316, np.str_('soundscapes'): 0.7622950819672132, np.str_('speech'): 0.7047296674956249}",COMPLETE
57,0.729239226999836,2026-09-08 17:10:33.441020,2026-09-08 17:11:59.882141,0 days 00:01:26.441121,0.02843809288997911,32,0.00011838738454587395,"{np.str_('animal'): 0.5915386340697544, np.str_('music'): 0.8473684210526315, np.str_('soundscapes'): 0.7868852459016393, np.str_('speech'): 0.6911646069753187}",COMPLETE
58,0.7087306195766447,2026-09-08 17:11:59.882589,2026-09-08 17:13:08.669763,0 days 00:01:08.787174,0.06382766231235763,64,7.158327315338974e-05,"{np.str_('animal'): 0.5474374789727486, np.str_('music'): 0.8385964912280701, np.str_('soundscapes'): 0.7622950819672131, np.str_('speech'): 0.6865934261385471}",COMPLETE
59,0.6873710753578868,2026-09-08 17:13:08.670154,2026-09-08 17:13:54.322991,0 days 00:00:45.652837,0.03493624441503057,64,4.818828788017974e-05,"{np.str_('animal'): 0.5276438263990131, np.str_('music'): 0.7885964912280701, np.str_('soundscapes'): 0.7786885245901639, np.str_('speech'): 0.6545554592143}",COMPLETE
60,0.7719211465026129,2026-09-08 17:13:54.323412,2026-09-08 17:15:10.476398,0 days 00:01:16.152986,0.08730666331405745,32,0.0002632446507766104,"{np.str_('animal'): 0.7150667264775148, np.str_('music'): 0.8811403508771929, np.str_('soundscapes'): 0.7786885245901639, np.str_('speech'): 0.7127889840655799}",COMPLETE
61,0.7100324957791468,2026-09-08 17:15:10.476882,2026-09-08 17:15:48.840200,0 days 00:00:38.363318,0.0892096925556515,32,0.00026668705337705613,"{np.str_('animal'): 0.5776606482000674, np.str_('music'): 0.7973684210526315, np.str_('soundscapes'): 0.778688524590164, np.str_('speech'): 0.6864123892737246}",COMPLETE
62,0.7311982631390693,2026-09-08 17:15:48.840658,2026-09-08 17:17:17.143662,0 days 00:01:28.303004,0.062429317335451665,32,9.157732586459103e-05,"{np.str_('animal'): 0.6341538634069754, np.str_('music'): 0.8473684210526315, np.str_('soundscapes'): 0.7540983606557377, np.str_('speech'): 0.6891724074409327}",COMPLETE
63,0.735626411400461,2026-09-08 17:17:17.144086,2026-09-08 17:18:33.011535,0 days 00:01:15.867449,0.14204966556742118,32,0.00014999392594746677,"{np.str_('animal'): 0.6269204889536839, np.str_('music'): 0.8723684210526316, np.str_('soundscapes'): 0.7459016393442623, np.str_('speech'): 0.6973150962512664}",COMPLETE
64,0.7531492608283913,2026-09-08 17:18:33.012085,2026-09-08 17:20:06.456751,0 days 00:01:33.444666,0.09768202170129435,32,0.00021036160210986766,"{np.str_('animal'): 0.6901704609173489, np.str_('music'): 0.856140350877193, np.str_('soundscapes'): 0.7459016393442623, np.str_('speech'): 0.7203845921747609}",COMPLETE
65,0.7209728739497714,2026-09-08 17:20:06.457312,2026-09-08 17:20:50.818833,0 days 00:00:44.361521,0.12272722974695718,32,0.00030197192957074964,"{np.str_('animal'): 0.6129303577436358, np.str_('music'): 0.8135964912280702, np.str_('soundscapes'): 0.7540983606557377, np.str_('speech'): 0.703266286171642}",COMPLETE
66,0.7632385791902009,2026-09-08 17:20:50.819252,2026-09-08 17:22:08.586915,0 days 00:01:17.767663,0.0038211666087888674,64,0.00018530468103032175,"{np.str_('animal'): 0.7471963664909722, np.str_('music'): 0.8223684210526316, np.str_('soundscapes'): 0.7622950819672132, np.str_('speech'): 0.7210944472499865}",COMPLETE
67,0.5,2026-09-08 17:22:08.587377,2026-09-08 17:22:22.411070,0 days 00:00:13.823693,0.4805251021844903,32,2.819021877712274e-05,"{np.str_('animal'): 0.5, np.str_('music'): 0.5, np.str_('soundscapes'): 0.5, np.str_('speech'): 0.5}",COMPLETE
