number,value,datetime_start,datetime_complete,duration,params_dropout,params_hidden_dim,params_lr,user_attrs_domain_bal_accs,state
68,0.704740902850229,2026-09-08 17:22:22.411523,2026-09-08 17:22:52.742468,0 days 00:00:30.330945,0.18048438711934042,64,0.00014024400773015441,"{np.str_('animal'): 0.5875014018167545, np.str_('music'): 0.8048245614035088, np.str_('soundscapes'): 0.7622950819672131, np.str_('speech'): 0.6643425662134392}",COMPLETE
69,0.7322325518352707,2026-09-08 17:22:52.742956,2026-09-08 17:24:15.726488,0 days 00:01:22.983532,0.00735386407245452,64,9.417203593591096e-05,"{np.str_('animal'): 0.6227150386901424, np.str_('music'): 0.8385964912280701, np.str_('soundscapes'): 0.7622950819672131, np.str_('speech'): 0.7053235954556571}",COMPLETE
70,0.7311612577590313,2026-09-08 17:24:15.726928,2026-09-08 17:25:32.631169,0 days 00:01:16.904241,0.43691228476990135,32,0.00020258484159255136,"{np.str_('animal'): 0.6216496579567119, np.str_('music'): 0.8385964912280701, np.str_('soundscapes'): 0.7540983606557377, np.str_('speech'): 0.7103005211956056}",COMPLETE
71,0.7462700640456444,2026-09-08 17:25:32.631534,2026-09-08 17:26:34.745885,0 days 00:01:02.114351,0.04337542766487269,64,0.00036180500842670463,"{np.str_('animal'): 0.6910115509700572, np.str_('music'): 0.831140350877193, np.str_('soundscapes'): 0.7540983606557377, np.str_('speech'): 0.7088299936795901}",COMPLETE
72,0.7619358224205545,2026-09-08 17:26:34.746329,2026-09-08 17:28:09.780696,0 days 00:01:35.034367,0.009661425578651161,64,0.00018172703192080404,"{np.str_('animal'): 0.7409162274307503, np.str_('music'): 0.8723684210526316, np.str_('soundscapes'): 0.7377049180327869, np.str_('speech'): 0.696753723166049}",COMPLETE
73,0.7413486712305428,2026-09-08 17:28:09.781146,2026-09-08 17:29:04.434081,0 days 00:00:54.652935,0.014393967132894672,64,0.00018267678008116868,"{np.str_('animal'): 0.6615453627901761, np.str_('music'): 0.8473684210526315, np.str_('soundscapes'): 0.7540983606557377, np.str_('speech'): 0.7023825404236262}",COMPLETE
74,0.7394614964670112,2026-09-08 17:29:04.434770,2026-09-08 17:30:17.013529,0 days 00:01:12.578759,0.03494504441266708,64,0.00012601902368909946,"{np.str_('animal'): 0.6476113042503084, np.str_('music'): 0.8223684210526316, np.str_('soundscapes'): 0.7704918032786885, np.str_('speech'): 0.7173744572864162}",COMPLETE
75,0.7427366162590844,2026-09-08 17:30:17.014001,2026-09-08 17:31:28.861494,0 days 00:01:11.847493,0.005288510806714262,64,0.00023763220321684346,"{np.str_('animal'): 0.7222440282606257, np.str_('music'): 0.7973684210526315, np.str_('soundscapes'): 0.7459016393442623, np.str_('speech'): 0.7054323763788181}",COMPLETE
76,0.7102332340456998,2026-09-08 17:31:28.861999,2026-09-08 17:32:25.353062,0 days 00:00:56.491063,0.07502544760699277,64,7.162446035015965e-05,"{np.str_('animal'): 0.5480262420096444, np.str_('music'): 0.8385964912280701, np.str_('soundscapes'): 0.7868852459016393, np.str_('speech'): 0.6674249570434456}",COMPLETE
77,0.7332450291434612,2026-09-08 17:32:25.353618,2026-09-08 17:33:30.406562,0 days 00:01:05.052944,0.3235121668470532,64,0.00016581957267650465,"{np.str_('animal'): 0.6481439946170237, np.str_('music'): 0.7973684210526315, np.str_('soundscapes'): 0.778688524590164, np.str_('speech'): 0.7087791763140259}",COMPLETE
78,0.7530963190444498,2026-09-08 17:33:30.407024,2026-09-08 17:34:52.858197,0 days 00:01:22.451173,0.0009788148409516709,64,0.0002789879281156158,"{np.str_('animal'): 0.7481496018840417, np.str_('music'): 0.7899122807017545, np.str_('soundscapes'): 0.7622950819672132, np.str_('speech'): 0.7120283116247901}",COMPLETE
79,0.7195821935057278,2026-09-08 17:34:52.858573,2026-09-08 17:35:43.832786,0 days 00:00:50.974213,0.23606257964532554,64,0.00011110056418047112,"{np.str_('animal'): 0.5875014018167545, np.str_('music'): 0.8473684210526315, np.str_('soundscapes'): 0.7540983606557377, np.str_('speech'): 0.6893605904977879}",COMPLETE
80,0.7256788194520424,2026-09-08 17:35:43.833209,2026-09-08 17:36:25.718797,0 days 00:00:41.885588,0.36941359542731783,32,0.0003724197569451143,"{np.str_('animal'): 0.6201637321969272, np.str_('music'): 0.8135964912280702, np.str_('soundscapes'): 0.7704918032786885, np.str_('speech'): 0.6984632511044837}",COMPLETE
81,0.73494163663701,2026-09-08 17:36:25.719180,2026-09-08 17:37:00.634342,0 days 00:00:34.915162,0.05554708678385073,64,0.0010445131408038776,"{np.str_('animal'): 0.7221318829202646, np.str_('music'): 0.7561403508771929, np.str_('soundscapes'): 0.7459016393442623, np.str_('speech'): 0.7155926734063198}",COMPLETE
82,0.7763455315708031,2026-09-08 17:37:00.634822,2026-09-08 17:38:40.069064,0 days 00:01:39.434242,0.046855331542307616,64,0.00021587125763334293,"{np.str_('animal'): 0.776718627341034, np.str_('music'): 0.831140350877193, np.str_('soundscapes'): 0.7704918032786885, np.str_('speech'): 0.727031344786297}",COMPLETE
83,0.7650193022481304,2026-09-08 17:38:40.069530,2026-09-08 17:39:45.133441,0 days 00:01:05.063911,0.029428835926300925,64,0.00023307603391991446,"{np.str_('animal'): 0.731075473814063, np.str_('music'): 0.8723684210526316, np.str_('soundscapes'): 0.7459016393442623, np.str_('speech'): 0.7107316747815647}",COMPLETE
84,0.758767494482736,2026-09-08 17:39:45.133885,2026-09-08 17:41:07.861752,0 days 00:01:22.727867,0.02985092685270349,64,0.0002319265540656462,"{np.str_('animal'): 0.742514298530896, np.str_('music'): 0.8223684210526316, np.str_('soundscapes'): 0.7459016393442623, np.str_('speech'): 0.7242856190031538}",COMPLETE
85,0.7447140320463255,2026-09-08 17:41:07.862174,2026-09-08 17:42:31.684260,0 days 00:01:23.822086,0.10283882288183262,64,0.00014215717865826707,"{np.str_('animal'): 0.6844790848940226, np.str_('music'): 0.7973684210526315, np.str_('soundscapes'): 0.7704918032786885, np.str_('speech'): 0.7265168189599591}",COMPLETE
86,0.6239964823051213,2026-09-08 17:42:31.684805,2026-09-08 17:42:57.092723,0 days 00:00:25.407918,0.07387825427526112,64,1.348848445507515e-05,"{np.str_('animal'): 0.4470393630144668, np.str_('music'): 0.7447368421052631, np.str_('soundscapes'): 0.7295081967213115, np.str_('speech'): 0.5747015273794438}",COMPLETE
87,0.7420584851759681,2026-09-08 17:42:57.093228,2026-09-08 17:43:54.938930,0 days 00:00:57.845702,0.42173740090580447,64,0.0005255316026282846,"{np.str_('animal'): 0.6957496916003141, np.str_('music'): 0.8399122807017544, np.str_('soundscapes'): 0.721311475409836, np.str_('speech'): 0.7112604929919677}",COMPLETE
88,0.7526575308866543,2026-09-08 17:43:54.939340,2026-09-08 17:44:55.156477,0 days 00:01:00.217137,0.3943320765954543,64,0.0003080849526650563,"{np.str_('animal'): 0.6917124593473141, np.str_('music'): 0.8723684210526316, np.str_('soundscapes'): 0.7459016393442623, np.str_('speech'): 0.7006476038024094}",COMPLETE
89,0.6704640220239793,2026-09-08 17:44:55.157030,2026-09-08 17:45:08.852384,0 days 00:00:13.695354,0.08733315664951426,32,0.0047417779808749515,"{np.str_('animal'): 0.5269429180217562, np.str_('music'): 0.731140350877193, np.str_('soundscapes'): 0.7622950819672132, np.str_('speech'): 0.6614777372297549}",COMPLETE
90,0.7544374226563781,2026-09-08 17:45:08.852817,2026-09-08 17:45:58.192316,0 days 00:00:49.339499,0.2763853719496403,64,0.0002507896987855128,"{np.str_('animal'): 0.6828810137938768, np.str_('music'): 0.8473684210526315, np.str_('soundscapes'): 0.7786885245901639, np.str_('speech'): 0.7088117311888404}",COMPLETE
91,0.7521430682900188,2026-09-08 17:45:58.192707,2026-09-08 17:47:19.096830,0 days 00:01:20.904123,0.01796368552981554,64,0.00018465208888458382,"{np.str_('animal'): 0.7211786475271953, np.str_('music'): 0.7973684210526315, np.str_('soundscapes'): 0.7704918032786885, np.str_('speech'): 0.7195334013015597}",COMPLETE
92,0.749374812341465,2026-09-08 17:47:19.097257,2026-09-08 17:48:56.875964,0 days 00:01:37.778707,0.045509046679630835,64,0.00016231210191711392,"{np.str_('animal'): 0.6973477627004598, np.str_('music'): 0.8473684210526315, np.str_('soundscapes'): 0.7377049180327868, np.str_('speech'): 0.7150781475799818}",COMPLETE
93,0.7699544078317094,2026-09-08 17:48:56.876358,2026-09-08 17:50:04.589897,0 days 00:01:07.713539,0.056823834503939116,64,0.0002055542642538395,"{np.str_('animal'): 0.7233094089940564, np.str_('music'): 0.8723684210526316, np.str_('soundscapes'): 0.7459016393442623, np.str_('speech'): 0.7382381619358875}",COMPLETE
94,0.7531545603959311,2026-09-08 17:50:04.590310,2026-09-08 17:51:35.602916,0 days 00:01:31.012606,0.1290344984846369,64,9.911345035636197e-05,"{np.str_('animal'): 0.6668722664573288, np.str_('music'): 0.8473684210526315, np.str_('soundscapes'): 0.778688524590164, np.str_('speech'): 0.7196890294836003}",COMPLETE
95,0.7679454342823178,2026-09-08 17:51:35.603434,2026-09-08 17:52:26.990022,0 days 00:00:51.386588,0.06163249936952971,64,0.0004216313966979372,"{np.str_('animal'): 0.7175058876303689, np.str_('music'): 0.8811403508771929, np.str_('soundscapes'): 0.7540983606557377, np.str_('speech'): 0.7190371379659715}",COMPLETE
96,0.7601589692421019,2026-09-08 17:52:26.990465,2026-09-08 17:53:06.881667,0 days 00:00:39.891202,0.053565452664827866,64,0.0004118576844965847,"{np.str_('animal'): 0.7041045194572166, np.str_('music'): 0.8473684210526315, np.str_('soundscapes'): 0.7786885245901639, np.str_('speech'): 0.7104744118683957}",COMPLETE
97,0.7541251374161364,2026-09-08 17:53:06.882166,2026-09-08 17:54:27.108346,0 days 00:01:20.226180,0.028386845533302854,64,0.00022357768669869,"{np.str_('animal'): 0.7232533363238758, np.str_('music'): 0.8811403508771929, np.str_('soundscapes'): 0.7213114754098361, np.str_('speech'): 0.690795387053641}",COMPLETE
98,0.7624536752119428,2026-09-08 17:54:27.108808,2026-09-08 17:55:24.265606,0 days 00:00:57.156798,0.06489952186485345,32,0.00033798224301024156,"{np.str_('animal'): 0.7005439049007514, np.str_('music'): 0.8723684210526316, np.str_('soundscapes'): 0.7622950819672131, np.str_('speech'): 0.7146072929271756}",COMPLETE
99,0.7557338336327232,2026-09-08 17:55:24.265979,2026-09-08 17:56:11.844291,0 days 00:00:47.578312,0.03908891875745733,64,0.000279656964808242,"{np.str_('animal'): 0.7099080408209039, np.str_('music'): 0.8223684210526316, np.str_('soundscapes'): 0.778688524590164, np.str_('speech'): 0.7119703480671933}",COMPLETE
