number,value,datetime_start,datetime_complete,duration,params_dropout,params_hidden_dim,params_lr,user_attrs_domain_bal_accs,state
0,0.6226765778289404,2026-09-08 13:50:04.701664,2026-09-08 13:51:00.561910,0 days 00:00:55.860246,0.4705973419449284,32,0.005140624388109441,"{np.str_('animal'): 0.509616462935965, np.str_('music'): 0.5320175438596492, np.str_('soundscapes'): 0.5081967213114754, np.str_('speech'): 0.9408755832086719}",COMPLETE
1,0.6168195741251503,2026-09-08 13:51:00.562560,2026-09-08 13:51:45.699206,0 days 00:00:45.136646,0.09974182947581589,32,0.007647289640526791,"{np.str_('animal'): 0.49461702366266685, np.str_('music'): 0.5320175438596492, np.str_('soundscapes'): 0.5, np.str_('speech'): 0.9406437289782852}",COMPLETE
2,0.6497751130106273,2026-09-08 13:51:45.700187,2026-09-08 13:52:33.488875,0 days 00:00:47.788688,0.023390064314714132,32,3.207514385388969e-05,"{np.str_('animal'): 0.5120556240888191, np.str_('music'): 0.5206140350877193, np.str_('soundscapes'): 0.6229508196721312, np.str_('speech'): 0.9434799731938397}",COMPLETE
3,0.641708036880646,2026-09-08 13:52:33.489407,2026-09-08 13:54:00.164527,0 days 00:01:26.675120,0.15292226553050864,64,1.55160518372717e-05,"{np.str_('animal'): 0.5083828641919927, np.str_('music'): 0.5118421052631579, np.str_('soundscapes'): 0.6065573770491803, np.str_('speech'): 0.940049801018253}",COMPLETE
4,0.657197852169529,2026-09-08 13:54:00.164981,2026-09-08 13:54:44.665773,0 days 00:00:44.500792,0.2928468993584972,32,0.00030396595413089263,"{np.str_('animal'): 0.5201861612649995, np.str_('music'): 0.5280701754385965, np.str_('soundscapes'): 0.639344262295082, np.str_('speech'): 0.9411908096794377}",COMPLETE
5,0.6488928702248171,2026-09-08 13:54:44.666207,2026-09-08 13:56:02.126992,0 days 00:01:17.460785,0.36854288754067444,64,5.717614961898962e-05,"{np.str_('animal'): 0.5098687899517775, np.str_('music'): 0.513157894736842, np.str_('soundscapes'): 0.6311475409836066, np.str_('speech'): 0.9413972552270424}",COMPLETE
6,0.6463408673302307,2026-09-08 13:56:02.127587,2026-09-08 13:56:52.781778,0 days 00:00:50.654191,0.12718489673152444,32,0.00010351173680352736,"{np.str_('animal'): 0.5098127172815969, np.str_('music'): 0.5043859649122807, np.str_('soundscapes'): 0.6311475409836065, np.str_('speech'): 0.9400172461434384}",COMPLETE
7,0.6112097134632075,2026-09-08 13:56:52.782415,2026-09-08 13:57:23.465266,0 days 00:00:30.682851,0.12814444819777449,32,8.614209955578891e-05,"{np.str_('animal'): 0.5089716272288887, np.str_('music'): 0.5206140350877193, np.str_('soundscapes'): 0.47540983606557374, np.str_('speech'): 0.9398433554706482}",COMPLETE
8,0.6652538085911843,2026-09-08 13:57:23.465877,2026-09-08 13:58:17.772802,0 days 00:00:54.306925,0.3126925728940159,64,0.0005374573824672878,"{np.str_('animal'): 0.5047661769653471, np.str_('music'): 0.5657894736842105, np.str_('soundscapes'): 0.6475409836065573, np.str_('speech'): 0.9429186001086222}",COMPLETE
9,0.662805181702652,2026-09-08 13:58:17.773346,2026-09-08 13:59:18.895649,0 days 00:01:01.122303,0.39625729989168323,64,0.00023333712211808712,"{np.str_('animal'): 0.5000280363350902, np.str_('music'): 0.5657894736842105, np.str_('soundscapes'): 0.639344262295082, np.str_('speech'): 0.9460589544962252}",COMPLETE
10,0.6698462292558425,2026-09-08 13:59:18.896207,2026-09-08 14:00:08.317178,0 days 00:00:49.420971,0.25861390515865973,64,0.001175387449862274,"{np.str_('animal'): 0.5235505214758327, np.str_('music'): 0.6021929824561404, np.str_('soundscapes'): 0.6065573770491803, np.str_('speech'): 0.9470840360422166}",COMPLETE
11,0.6620015494478045,2026-09-08 14:00:08.317675,2026-09-08 14:01:01.406896,0 days 00:00:53.089221,0.23940905054891642,64,0.0012772499342045024,"{np.str_('animal'): 0.5104014803184928, np.str_('music'): 0.5684210526315789, np.str_('soundscapes'): 0.6229508196721312, np.str_('speech'): 0.9462328451690154}",COMPLETE
12,0.6515283637820594,2026-09-08 14:01:01.407426,2026-09-08 14:02:16.719029,0 days 00:01:15.311603,0.26488824172647263,64,0.0010062907580153065,"{np.str_('animal'): 0.4801222384209936, np.str_('music'): 0.5280701754385965, np.str_('soundscapes'): 0.6557377049180327, np.str_('speech'): 0.9421833363506145}",COMPLETE
13,0.663876506242771,2026-09-08 14:02:16.719452,2026-09-08 14:03:48.155655,0 days 00:01:31.436203,0.329511161367546,64,0.000980417556261957,"{np.str_('animal'): 0.5113547157115621, np.str_('music'): 0.5657894736842105, np.str_('soundscapes'): 0.639344262295082, np.str_('speech'): 0.9390175732802292}",COMPLETE
14,0.6663762269426456,2026-09-08 14:03:48.156200,2026-09-08 14:05:17.737209,0 days 00:01:29.581009,0.21276388862844522,64,0.0028492486266510427,"{np.str_('animal'): 0.5253448469216104, np.str_('music'): 0.5320175438596492, np.str_('soundscapes'): 0.6639344262295082, np.str_('speech'): 0.9442080907598149}",COMPLETE
15,0.6592087257638265,2026-09-08 14:05:17.737858,2026-09-08 14:05:55.715267,0 days 00:00:37.977409,0.1986345698598298,64,0.003089751416473229,"{np.str_('animal'): 0.5211954693282494, np.str_('music'): 0.5232456140350877, np.str_('soundscapes'): 0.6475409836065573, np.str_('speech'): 0.9448528360854114}",COMPLETE
16,0.6538479886581657,2026-09-08 14:05:55.716199,2026-09-08 14:06:53.210423,0 days 00:00:57.494224,0.19931722891124226,64,0.0027513926917853105,"{np.str_('animal'): 0.5201861612649995, np.str_('music'): 0.49692982456140355, np.str_('soundscapes'): 0.6557377049180327, np.str_('speech'): 0.9425382638882271}",COMPLETE
17,0.6602294532377482,2026-09-08 14:06:53.210843,2026-09-08 14:08:19.002887,0 days 00:01:25.792044,0.0465776298362886,64,0.002213297508569984,"{np.str_('animal'): 0.5015700347650555, np.str_('music'): 0.5745614035087719, np.str_('soundscapes'): 0.6229508196721312, np.str_('speech'): 0.9418355550050341}",COMPLETE
18,0.6225129525324485,2026-09-08 14:08:19.003328,2026-09-08 14:09:44.613603,0 days 00:01:25.610275,0.2195646890462189,64,0.009432976246598328,"{np.str_('animal'): 0.49514971402938207, np.str_('music'): 0.5535087719298245, np.str_('soundscapes'): 0.5081967213114754, np.str_('speech'): 0.9331966028591121}",COMPLETE
19,0.6666018749024457,2026-09-08 14:09:44.614253,2026-09-08 14:10:49.878051,0 days 00:01:05.263798,0.4207725960260751,64,0.00036085514931533986,"{np.str_('animal'): 0.5296624425255131, np.str_('music'): 0.5570175438596492, np.str_('soundscapes'): 0.6311475409836065, np.str_('speech'): 0.9485799722410141}",COMPLETE
20,0.6487143790470139,2026-09-08 14:10:49.878592,2026-09-08 14:11:45.683694,0 days 00:00:55.805102,0.49369802085513037,64,0.00021523673095852472,"{np.str_('animal'): 0.5156723113154649, np.str_('music'): 0.5307017543859649, np.str_('soundscapes'): 0.6065573770491803, np.str_('speech'): 0.9419260734374455}",COMPLETE
21,0.6473499739817885,2026-09-08 14:11:45.684220,2026-09-08 14:13:10.804028,0 days 00:01:25.119808,0.41822568773158314,64,0.0006374650180632799,"{np.str_('animal'): 0.5025793428283055, np.str_('music'): 0.5307017543859649, np.str_('soundscapes'): 0.6147540983606558, np.str_('speech'): 0.9413647003522279}",COMPLETE
22,0.6256263730220188,2026-09-08 14:13:10.804538,2026-09-08 14:13:40.478027,0 days 00:00:29.673489,0.35412008481885243,64,0.0017215963099931203,"{np.str_('animal'): 0.5253448469216104, np.str_('music'): 0.4842105263157894, np.str_('soundscapes'): 0.5491803278688524, np.str_('speech'): 0.9437697909818232}",COMPLETE
23,0.6327311241071648,2026-09-08 14:13:40.478501,2026-09-08 14:14:57.851512,0 days 00:01:17.373011,0.42097411630712767,64,0.0005533244976187614,"{np.str_('animal'): 0.49571044073118764, np.str_('music'): 0.4780701754385965, np.str_('soundscapes'): 0.6147540983606558, np.str_('speech'): 0.9423897818982192}",COMPLETE
24,0.6280368703297591,2026-09-08 14:14:57.851958,2026-09-08 14:15:24.516024,0 days 00:00:26.664066,0.17884485209334083,64,0.004777312180376652,"{np.str_('animal'): 0.5047661769653471, np.str_('music'): 0.6083333333333334, np.str_('soundscapes'): 0.4672131147540983, np.str_('speech'): 0.9318348562662576}",COMPLETE
25,0.6516327206431822,2026-09-08 14:15:24.517731,2026-09-08 14:16:25.717661,0 days 00:01:01.199930,0.25781788239817616,64,0.0003453495991226731,"{np.str_('animal'): 0.5217842323651452, np.str_('music'): 0.513157894736842, np.str_('soundscapes'): 0.6229508196721312, np.str_('speech'): 0.9486379357986108}",COMPLETE
26,0.6521133295622977,2026-09-08 14:16:25.718199,2026-09-08 14:17:33.491875,0 days 00:01:07.773676,0.28891159874515554,64,0.00013911213362569657,"{np.str_('animal'): 0.5166255467085342, np.str_('music'): 0.513157894736842, np.str_('soundscapes'): 0.6311475409836066, np.str_('speech'): 0.9475223358202082}",COMPLETE
27,0.6528149170746951,2026-09-08 14:17:33.492524,2026-09-08 14:18:15.146618,0 days 00:00:41.654094,0.4558195213647811,64,0.001583042581592893,"{np.str_('animal'): 0.5321016036783672, np.str_('music'): 0.5328947368421053, np.str_('soundscapes'): 0.5983606557377049, np.str_('speech'): 0.9479026720406031}",COMPLETE
28,0.6516856008217292,2026-09-08 14:18:15.147069,2026-09-08 14:19:05.506612,0 days 00:00:50.359543,0.08460085690280714,64,0.0007461050711883979,"{np.str_('animal'): 0.5130088594818886, np.str_('music'): 0.5381578947368422, np.str_('soundscapes'): 0.6065573770491803, np.str_('speech'): 0.9490182720190057}",COMPLETE
29,0.6016915435880857,2026-09-08 14:19:05.507158,2026-09-08 14:19:33.994252,0 days 00:00:28.487094,0.45423590035718453,32,0.005843756839024677,"{np.str_('animal'): 0.5058876303689581, np.str_('music'): 0.5017543859649123, np.str_('soundscapes'): 0.4590163934426229, np.str_('speech'): 0.9401077645758498}",COMPLETE
30,0.6548805806218873,2026-09-08 14:19:33.994687,2026-09-08 14:20:02.396843,0 days 00:00:28.402156,0.3502852633376251,64,0.004066497322026958,"{np.str_('animal'): 0.5087473365481665, np.str_('music'): 0.5381578947368422, np.str_('soundscapes'): 0.639344262295082, np.str_('speech'): 0.9332728289074583}",COMPLETE
31,0.6568235897508716,2026-09-08 14:20:02.397279,2026-09-08 14:20:47.661986,0 days 00:00:45.264707,0.3042006292414561,64,0.00047262031936734234,"{np.str_('animal'): 0.5234383761354716, np.str_('music'): 0.5219298245614035, np.str_('soundscapes'): 0.6311475409836066, np.str_('speech'): 0.9507786173230046}",COMPLETE
32,0.6639323776780794,2026-09-08 14:20:47.662389,2026-09-08 14:21:35.903792,0 days 00:00:48.241403,0.3235825528113554,64,0.00045133998849075554,"{np.str_('animal'): 0.504654031624986, np.str_('music'): 0.5543859649122806, np.str_('soundscapes'): 0.6557377049180328, np.str_('speech'): 0.9409518092570184}",COMPLETE
33,0.6199430140735191,2026-09-08 14:21:35.904403,2026-09-08 14:21:56.530483,0 days 00:00:20.626080,0.2550422818766049,64,0.0008799032918033689,"{np.str_('animal'): 0.511943478748458, np.str_('music'): 0.5504385964912281, np.str_('soundscapes'): 0.4918032786885246, np.str_('speech'): 0.9255867023658659}",COMPLETE
34,0.6512056973726132,2026-09-08 14:21:56.531019,2026-09-08 14:22:36.332729,0 days 00:00:39.801710,0.38158711593240574,32,0.00018054734207879477,"{np.str_('animal'): 0.5217842323651452, np.str_('music'): 0.5105263157894737, np.str_('soundscapes'): 0.6311475409836065, np.str_('speech'): 0.9413647003522279}",COMPLETE
35,0.636997535081744,2026-09-08 14:22:36.333552,2026-09-08 14:22:57.311036,0 days 00:00:20.977484,0.17482650687491985,64,0.002064430908364177,"{np.str_('animal'): 0.5019905797914097, np.str_('music'): 0.5741228070175438, np.str_('soundscapes'): 0.540983606557377, np.str_('speech'): 0.9308931469606452}",COMPLETE
36,0.6466532590059121,2026-09-08 14:22:57.311599,2026-09-08 14:23:46.933800,0 days 00:00:49.622201,0.27976703588174456,32,0.00032332343754204045,"{np.str_('animal'): 0.5062521027251318, np.str_('music'): 0.5043859649122807, np.str_('soundscapes'): 0.6311475409836066, np.str_('speech'): 0.9448274274026291}",COMPLETE
37,0.6612523055576687,2026-09-08 14:23:46.934362,2026-09-08 14:24:32.571543,0 days 00:00:45.637181,0.2338807604465085,64,0.001345668819585342,"{np.str_('animal'): 0.5249803745654368, np.str_('music'): 0.5469298245614036, np.str_('soundscapes'): 0.6311475409836066, np.str_('speech'): 0.9419514821202275}",COMPLETE
38,0.6259231598059198,2026-09-08 14:24:32.572044,2026-09-08 14:25:17.331510,0 days 00:00:44.759466,0.32566868751885086,64,3.7783999156768844e-05,"{np.str_('animal'): 0.505775485028597, np.str_('music'): 0.5017543859649123, np.str_('soundscapes'): 0.5573770491803278, np.str_('speech'): 0.9387857190498423}",COMPLETE
39,0.6652149333161836,2026-09-08 14:25:17.332088,2026-09-08 14:26:03.688294,0 days 00:00:46.356206,0.16301325475855602,32,0.002970870087226298,"{np.str_('animal'): 0.502635415498486, np.str_('music'): 0.5771929824561404, np.str_('soundscapes'): 0.639344262295082, np.str_('speech'): 0.9416870730150261}",COMPLETE
40,0.6434436398954972,2026-09-08 14:26:03.688864,2026-09-08 14:26:47.919446,0 days 00:00:44.230582,0.4169024037105875,64,0.0003578149131985106,"{np.str_('animal'): 0.4957665134013681, np.str_('music'): 0.49692982456140355, np.str_('soundscapes'): 0.6475409836065573, np.str_('speech'): 0.9335372380126599}",COMPLETE
41,0.6359194328401573,2026-09-08 14:26:47.919842,2026-09-08 14:27:11.643557,0 days 00:00:23.723715,0.13511998861824812,32,0.003197108793371869,"{np.str_('animal'): 0.5092239542447011, np.str_('music'): 0.5565789473684211, np.str_('soundscapes'): 0.5491803278688525, np.str_('speech'): 0.9286945018786545}",COMPLETE
42,0.6247564206786936,2026-09-08 14:27:11.645094,2026-09-08 14:28:35.155639,0 days 00:01:23.510545,0.16809271406343723,32,1.2014848200654707e-05,"{np.str_('animal'): 0.4912526634518336, np.str_('music'): 0.5118421052631579, np.str_('soundscapes'): 0.5573770491803278, np.str_('speech'): 0.9385538648194554}",COMPLETE
43,0.6372309552716573,2026-09-08 14:28:35.156335,2026-09-08 14:29:07.390090,0 days 00:00:32.233755,0.09351239805218134,32,0.0066449979838938125,"{np.str_('animal'): 0.5105696983290344, np.str_('music'): 0.5508771929824561, np.str_('soundscapes'): 0.5491803278688525, np.str_('speech'): 0.9382966019062864}",COMPLETE
44,0.656701599373096,2026-09-08 14:29:07.390782,2026-09-08 14:29:46.834151,0 days 00:00:39.443369,0.21889377314350325,32,0.0012290202233980645,"{np.str_('animal'): 0.5109341706852081, np.str_('music'): 0.5293859649122807, np.str_('soundscapes'): 0.639344262295082, np.str_('speech'): 0.9471419995998132}",COMPLETE
45,0.6529173205468678,2026-09-08 14:29:46.834832,2026-09-08 14:30:18.581182,0 days 00:00:31.746350,0.198800876624214,32,0.004090306003233307,"{np.str_('animal'): 0.4718795559044522, np.str_('music'): 0.5846491228070175, np.str_('soundscapes'): 0.6229508196721312, np.str_('speech'): 0.9321897838038704}",COMPLETE
46,0.6594367973890789,2026-09-08 14:30:18.581732,2026-09-08 14:31:04.232053,0 days 00:00:45.650321,0.1380902896112589,32,0.0022544538969448166,"{np.str_('animal'): 0.5082146461814512, np.str_('music'): 0.5657894736842105, np.str_('soundscapes'): 0.6311475409836065, np.str_('speech'): 0.9325955287070474}",COMPLETE
47,0.6254320097768945,2026-09-08 14:31:04.232600,2026-09-08 14:31:28.518764,0 days 00:00:24.286164,0.23621180891959517,64,0.0008087052872569698,"{np.str_('animal'): 0.5061960300549512, np.str_('music'): 0.4605263157894737, np.str_('soundscapes'): 0.5983606557377049, np.str_('speech'): 0.9366450375254484}",COMPLETE
48,0.6656310514020618,2026-09-08 14:31:28.519329,2026-09-08 14:32:57.019295,0 days 00:01:28.499966,0.3018727551033371,64,0.00010782664529028381,"{np.str_('animal'): 0.512952786811708, np.str_('music'): 0.5482456140350878, np.str_('soundscapes'): 0.6557377049180327, np.str_('speech'): 0.945588099843419}",COMPLETE
49,0.6188282088209871,2026-09-08 14:32:57.019880,2026-09-08 14:33:26.225127,0 days 00:00:29.205247,0.3097612264553364,64,7.984916925015183e-05,"{np.str_('animal'): 0.5051867219917012, np.str_('music'): 0.5179824561403509, np.str_('soundscapes'): 0.5245901639344263, np.str_('speech'): 0.9275534932174698}",COMPLETE
50,0.6616309714789368,2026-09-08 14:33:26.226493,2026-09-08 14:34:46.019003,0 days 00:01:19.792510,0.2785325795233455,64,0.00012642404323148941,"{np.str_('animal'): 0.530671750588763, np.str_('music'): 0.5219298245614035, np.str_('soundscapes'): 0.6475409836065573, np.str_('speech'): 0.9463813271590233}",COMPLETE
51,0.6434958278680434,2026-09-08 14:34:46.019584,2026-09-08 14:35:59.354169,0 days 00:01:13.334585,0.34720169358247865,64,5.0078078972616645e-05,"{np.str_('animal'): 0.49433666031176404, np.str_('music'): 0.513157894736842, np.str_('soundscapes'): 0.6229508196721312, np.str_('speech'): 0.9435379367514364}",COMPLETE
52,0.6517011435059015,2026-09-08 14:35:59.354543,2026-09-08 14:37:04.925046,0 days 00:01:05.570503,0.15413283680197679,64,1.8403983931279145e-05,"{np.str_('animal'): 0.509924862621958, np.str_('music'): 0.5219298245614035, np.str_('soundscapes'): 0.6311475409836065, np.str_('speech'): 0.9438023458566378}",COMPLETE
53,0.6510833907040885,2026-09-08 14:37:04.936963,2026-09-08 14:38:25.297336,0 days 00:01:20.360373,0.2122408500280451,64,0.0002394605428570763,"{np.str_('animal'): 0.49108444544129193, np.str_('music'): 0.5381578947368422, np.str_('soundscapes'): 0.6311475409836066, np.str_('speech'): 0.9439436816546134}",COMPLETE
54,0.6429926016690558,2026-09-08 14:38:25.297919,2026-09-08 14:39:01.098427,0 days 00:00:35.800508,0.3867618511145185,64,0.001161945995986521,"{np.str_('animal'): 0.5171582370752495, np.str_('music'): 0.5206140350877193, np.str_('soundscapes'): 0.5901639344262295, np.str_('speech'): 0.9440342000870248}",COMPLETE
55,0.6033143044918816,2026-09-08 14:39:01.098958,2026-09-08 14:39:27.834650,0 days 00:00:26.735692,0.26489034685328816,64,0.008829744525215679,"{np.str_('animal'): 0.5286531344622631, np.str_('music'): 0.47675438596491226, np.str_('soundscapes'): 0.4672131147540984, np.str_('speech'): 0.9406365827862526}",COMPLETE
56,0.6560386945081903,2026-09-08 14:39:27.835108,2026-09-08 14:40:12.873535,0 days 00:00:45.038427,0.10939625747436285,64,0.0030956808489054476,"{np.str_('animal'): 0.49374789727486823, np.str_('music'): 0.5482456140350878, np.str_('soundscapes'): 0.6475409836065573, np.str_('speech'): 0.9346202831162479}",COMPLETE
57,0.6455138514919033,2026-09-08 14:40:12.874036,2026-09-08 14:41:00.669467,0 days 00:00:47.795431,0.49930600535129577,32,0.0015981422839906323,"{np.str_('animal'): 0.5135415498486038, np.str_('music'): 0.5394736842105263, np.str_('soundscapes'): 0.5901639344262295, np.str_('speech'): 0.9388762374822537}",COMPLETE
58,0.6916360239667139,2026-09-08 14:41:00.669986,2026-09-08 14:41:56.993350,0 days 00:00:56.323364,0.022838677543033065,64,0.0006827137145206007,"{np.str_('animal'): 0.5524840192889986, np.str_('music'): 0.618421052631579, np.str_('soundscapes'): 0.6557377049180328, np.str_('speech'): 0.9399013190282449}",COMPLETE
59,0.6578029574867865,2026-09-08 14:41:56.993855,2026-09-08 14:43:05.592447,0 days 00:01:08.598592,0.012508915985673219,64,0.0005792593622644478,"{np.str_('animal'): 0.5191768532017496, np.str_('music'): 0.513157894736842, np.str_('soundscapes'): 0.6639344262295082, np.str_('speech'): 0.9349426557790461}",COMPLETE
60,0.653292307421778,2026-09-08 14:43:05.592920,2026-09-08 14:44:05.852047,0 days 00:01:00.259127,0.04872580568859419,64,0.0002642752357408075,"{np.str_('animal'): 0.5185880901648536, np.str_('music'): 0.5043859649122807, np.str_('soundscapes'): 0.6475409836065573, np.str_('speech'): 0.9426541910034206}",COMPLETE
61,0.6496920378839067,2026-09-08 14:44:05.852624,2026-09-08 14:45:02.665847,0 days 00:00:56.813223,0.0624410392288179,64,0.00041600653810038924,"{np.str_('animal'): 0.5196534708982842, np.str_('music'): 0.4942982456140351, np.str_('soundscapes'): 0.639344262295082, np.str_('speech'): 0.9454721727282256}",COMPLETE
62,0.6472251365325773,2026-09-08 14:45:02.666352,2026-09-08 14:45:54.809740,0 days 00:00:52.143388,0.2458691227562306,64,0.0006758669060507452,"{np.str_('animal'): 0.4999719636649097, np.str_('music'): 0.48684210526315785, np.str_('soundscapes'): 0.6557377049180328, np.str_('speech'): 0.9463487722842088}",COMPLETE
63,0.684062018481356,2026-09-08 14:45:54.810225,2026-09-08 14:46:58.753502,0 days 00:01:03.943277,0.30192626738651684,64,0.00017309602151322802,"{np.str_('animal'): 0.5316810586520131, np.str_('music'): 0.5846491228070175, np.str_('soundscapes'): 0.6721311475409837, np.str_('speech'): 0.9477867449254096}",COMPLETE
64,0.6655709273196841,2026-09-08 14:46:58.754072,2026-09-08 14:48:29.575409,0 days 00:01:30.821337,0.2990035836622455,64,0.0001687916326033466,"{np.str_('animal'): 0.5197095435684647, np.str_('music'): 0.5394736842105263, np.str_('soundscapes'): 0.6639344262295082, np.str_('speech'): 0.9391660552702372}",COMPLETE
65,0.6449817988185681,2026-09-08 14:48:29.575799,2026-09-08 14:49:36.267865,0 days 00:01:06.692066,0.3379166548461177,64,7.992026473093786e-05,"{np.str_('animal'): 0.5015700347650555, np.str_('music'): 0.513157894736842, np.str_('soundscapes'): 0.6229508196721312, np.str_('speech'): 0.9422484461002436}",COMPLETE
66,0.6462365891771605,2026-09-08 14:49:36.268433,2026-09-08 14:50:07.700513,0 days 00:00:31.432080,0.3643442440361264,64,0.00018257127214584131,"{np.str_('animal'): 0.5255130649321521, np.str_('music'): 0.4956140350877193, np.str_('soundscapes'): 0.6229508196721312, np.str_('speech'): 0.9408684370166396}",COMPLETE
67,0.6514019839820215,2026-09-08 14:50:07.700983,2026-09-08 14:51:08.483771,0 days 00:01:00.782788,0.2783746276106012,64,0.0001158829587321323,"{np.str_('animal'): 0.523382303465291, np.str_('music'): 0.513157894736842, np.str_('soundscapes'): 0.6229508196721312, np.str_('speech'): 0.946116918053822}",COMPLETE
