number,value,datetime_start,datetime_complete,duration,params_dropout,params_hidden_dim,params_lr,user_attrs_domain_bal_accs,state
68,0.7197318774370054,2026-09-08 15:52:34.493121,2026-09-08 15:53:01.947024,0 days 00:00:27.453903,0.3346951302660017,32,5.2524333269735126e-05,"{np.str_('animal'): 0.6876191544241337, np.str_('music'): 0.8048245614035088, np.str_('soundscapes'): 0.721311475409836, np.str_('speech'): 0.6651723185105429}",COMPLETE
69,0.7171693901569303,2026-09-08 15:53:01.947383,2026-09-08 15:53:28.703547,0 days 00:00:26.756164,0.37576372962159793,32,0.005507629028292036,"{np.str_('animal'): 0.6787877088706964, np.str_('music'): 0.7135964912280701, np.str_('soundscapes'): 0.7622950819672132, np.str_('speech'): 0.7139982785617416}",COMPLETE
70,0.7222700448192299,2026-09-08 15:53:28.704043,2026-09-08 15:53:50.987107,0 days 00:00:22.283064,0.3998391322762629,64,0.002709473598099095,"{np.str_('animal'): 0.6916003140069531, np.str_('music'): 0.8135964912280702, np.str_('soundscapes'): 0.721311475409836, np.str_('speech'): 0.66257189863206}",COMPLETE
71,0.7331274390130524,2026-09-08 15:53:50.987547,2026-09-08 15:54:20.817802,0 days 00:00:29.830255,0.47771675376615363,64,0.00044784549202016776,"{np.str_('animal'): 0.7144779634406191, np.str_('music'): 0.7986842105263158, np.str_('soundscapes'): 0.7295081967213115, np.str_('speech'): 0.6898393853639635}",COMPLETE
72,0.7296313723632569,2026-09-08 15:54:20.818351,2026-09-08 15:54:45.348625,0 days 00:00:24.530274,0.431457226525651,64,0.0006762014298504479,"{np.str_('animal'): 0.7029269933834249, np.str_('music'): 0.7899122807017545, np.str_('soundscapes'): 0.7213114754098361, np.str_('speech'): 0.7043747399580121}",COMPLETE
73,0.7217227384186091,2026-09-08 15:54:45.349037,2026-09-08 15:55:27.918505,0 days 00:00:42.569468,0.45191145914577735,64,0.000181653091600433,"{np.str_('animal'): 0.6759560390265784, np.str_('music'): 0.8061403508771929, np.str_('soundscapes'): 0.6885245901639345, np.str_('speech'): 0.7162699736067307}",COMPLETE
74,0.7170193956193635,2026-09-08 15:55:27.918978,2026-09-08 15:55:58.966741,0 days 00:00:31.047763,0.48437248101536456,64,0.001147352218255109,"{np.str_('animal'): 0.6572277671862734, np.str_('music'): 0.7798245614035088, np.str_('soundscapes'): 0.7295081967213115, np.str_('speech'): 0.7015170571663603}",COMPLETE
75,0.7328927570617086,2026-09-08 15:55:58.967287,2026-09-08 15:56:57.905873,0 days 00:00:58.938586,0.46501876237196105,64,0.00029300059888531826,"{np.str_('animal'): 0.7128238196702927, np.str_('music'): 0.781140350877193, np.str_('soundscapes'): 0.7213114754098361, np.str_('speech'): 0.7162953822895128}",COMPLETE
76,0.7257352187589794,2026-09-08 15:56:57.906347,2026-09-08 15:57:16.152508,0 days 00:00:18.246161,0.4126618753731397,32,0.0015858994915455185,"{np.str_('animal'): 0.6865537736907031, np.str_('music'): 0.8135964912280702, np.str_('soundscapes'): 0.7213114754098361, np.str_('speech'): 0.6814791347073079}",COMPLETE
77,0.7210119378920098,2026-09-08 15:57:16.153026,2026-09-08 15:57:45.725294,0 days 00:00:29.572268,0.4971842256883034,32,0.0004031453716365224,"{np.str_('animal'): 0.67915218122687, np.str_('music'): 0.8048245614035088, np.str_('soundscapes'): 0.7049180327868853, np.str_('speech'): 0.6951529761507751}",COMPLETE
78,0.7233839280322597,2026-09-08 15:57:45.725754,2026-09-08 15:58:10.055004,0 days 00:00:24.329250,0.14128854746596098,32,0.004175537318102958,"{np.str_('animal'): 0.712347201973758, np.str_('music'): 0.7649122807017543, np.str_('soundscapes'): 0.7131147540983607, np.str_('speech'): 0.7031614753551657}",COMPLETE
79,0.732194480688362,2026-09-08 15:58:10.055579,2026-09-08 15:58:44.279636,0 days 00:00:34.224057,0.38927988697778354,64,0.0009301099493548159,"{np.str_('animal'): 0.6997869238533139, np.str_('music'): 0.8061403508771929, np.str_('soundscapes'): 0.6967213114754098, np.str_('speech'): 0.7261293365475316}",COMPLETE
80,0.7383694760061159,2026-09-08 15:58:44.280152,2026-09-08 15:59:14.414052,0 days 00:00:30.133900,0.42369404626349233,32,0.0005154334835560102,"{np.str_('animal'): 0.6760681843669396, np.str_('music'): 0.8399122807017544, np.str_('soundscapes'): 0.7540983606557377, np.str_('speech'): 0.6833990783000321}",COMPLETE
81,0.7230239983427431,2026-09-08 15:59:14.414473,2026-09-08 15:59:36.797666,0 days 00:00:22.383193,0.23040579017554455,64,0.000689413457754388,"{np.str_('animal'): 0.6774419647863632, np.str_('music'): 0.781140350877193, np.str_('soundscapes'): 0.7213114754098361, np.str_('speech'): 0.7122022022975801}",COMPLETE
82,0.699212161313782,2026-09-08 15:59:36.798111,2026-09-08 16:00:01.224426,0 days 00:00:24.426315,0.19462442943010466,64,0.008537935707458512,"{np.str_('animal'): 0.6676012111696759, np.str_('music'): 0.7885964912280701, np.str_('soundscapes'): 0.6475409836065573, np.str_('speech'): 0.693109959250825}",COMPLETE
83,0.7125052495358665,2026-09-08 16:00:01.224935,2026-09-08 16:00:22.145509,0 days 00:00:20.920574,0.2850957358939903,64,0.0037725232669826936,"{np.str_('animal'): 0.6875070090837726, np.str_('music'): 0.7710526315789473, np.str_('soundscapes'): 0.6885245901639345, np.str_('speech'): 0.7029367673168113}",COMPLETE
84,0.6685118035531021,2026-09-08 16:00:22.146033,2026-09-08 16:00:55.203243,0 days 00:00:33.057210,0.26637351558462513,64,0.004909422165010079,"{np.str_('animal'): 0.6140237748121565, np.str_('music'): 0.6973684210526316, np.str_('soundscapes'): 0.680327868852459, np.str_('speech'): 0.6823271494951613}",COMPLETE
85,0.6926078345412641,2026-09-08 16:00:55.203719,2026-09-08 16:01:16.173597,0 days 00:00:20.969878,0.0002135524823595747,64,0.007173063724919684,"{np.str_('animal'): 0.6073230907255803, np.str_('music'): 0.7723684210526316, np.str_('soundscapes'): 0.7377049180327868, np.str_('speech'): 0.6530349083540573}",COMPLETE
86,0.7149017067886574,2026-09-08 16:01:16.174056,2026-09-08 16:01:35.567843,0 days 00:00:19.393787,0.4404770320886093,32,0.003343769321835316,"{np.str_('animal'): 0.6859650106538073, np.str_('music'): 0.7973684210526315, np.str_('soundscapes'): 0.7049180327868853, np.str_('speech'): 0.6713553626613055}",COMPLETE
87,0.7212588818171533,2026-09-08 16:01:35.568276,2026-09-08 16:01:55.737400,0 days 00:00:20.169124,0.3131646197679906,32,0.002352576912338189,"{np.str_('animal'): 0.6822922507569811, np.str_('music'): 0.8135964912280702, np.str_('soundscapes'): 0.6885245901639344, np.str_('speech'): 0.7006221951196272}",COMPLETE
88,0.7516770806664432,2026-09-08 16:01:55.737805,2026-09-08 16:02:26.377997,0 days 00:00:30.640192,0.08146372103014657,64,0.00022455606195227257,"{np.str_('animal'): 0.7373556128742851, np.str_('music'): 0.8223684210526316, np.str_('soundscapes'): 0.7295081967213115, np.str_('speech'): 0.7174760920175447}",COMPLETE
89,0.7240710056280638,2026-09-08 16:02:26.378434,2026-09-08 16:02:58.533491,0 days 00:00:32.155057,0.043625853604824294,32,0.0003530961293848832,"{np.str_('animal'): 0.6879275541101267, np.str_('music'): 0.7973684210526315, np.str_('soundscapes'): 0.7131147540983607, np.str_('speech'): 0.6978732932511362}",COMPLETE
90,0.6843905586615682,2026-09-08 16:02:58.534095,2026-09-08 16:03:40.805131,0 days 00:00:42.271036,0.14859736356562886,64,0.00023029095557844568,"{np.str_('animal'): 0.6064259280026916, np.str_('music'): 0.7223684210526315, np.str_('soundscapes'): 0.6967213114754098, np.str_('speech'): 0.7120465741155397}",COMPLETE
91,0.7344924080786733,2026-09-08 16:03:40.805648,2026-09-08 16:04:19.571300,0 days 00:00:38.765652,0.06669349907071137,64,0.0001473778518464321,"{np.str_('animal'): 0.6639845239430302, np.str_('music'): 0.8223684210526316, np.str_('soundscapes'): 0.7459016393442623, np.str_('speech'): 0.7057150479747691}",COMPLETE
92,0.7191899126012934,2026-09-08 16:04:19.571848,2026-09-08 16:05:07.148278,0 days 00:00:47.576430,0.4085654848845899,64,0.00032163098837610356,"{np.str_('animal'): 0.6676572838398565, np.str_('music'): 0.7824561403508772, np.str_('soundscapes'): 0.7295081967213115, np.str_('speech'): 0.6971380294931285}",COMPLETE
93,0.71209290660964,2026-09-08 16:05:07.148828,2026-09-08 16:05:33.337710,0 days 00:00:26.188882,0.08640965342915456,64,0.0007682232644808052,"{np.str_('animal'): 0.6775541101267242, np.str_('music'): 0.7149122807017544, np.str_('soundscapes'): 0.7540983606557377, np.str_('speech'): 0.7018068749543438}",COMPLETE
94,0.7078763823967826,2026-09-08 16:05:33.338213,2026-09-08 16:05:50.959322,0 days 00:00:17.621109,0.016124956419007366,64,0.005946040115490485,"{np.str_('animal'): 0.6534708982841763, np.str_('music'): 0.6986842105263158, np.str_('soundscapes'): 0.7786885245901639, np.str_('speech'): 0.7006618961864743}",COMPLETE
95,0.7391441351299253,2026-09-08 16:05:50.959856,2026-09-08 16:06:34.714793,0 days 00:00:43.754937,0.20224694762754067,32,0.00012081225873201583,"{np.str_('animal'): 0.7045811371537513, np.str_('music'): 0.8223684210526316, np.str_('soundscapes'): 0.7295081967213115, np.str_('speech'): 0.7001187855920065}",COMPLETE
96,0.716337868537802,2026-09-08 16:06:34.715182,2026-09-08 16:07:15.652109,0 days 00:00:40.936927,0.36865176931343474,64,0.00022121669642062973,"{np.str_('animal'): 0.6942076931703488, np.str_('music'): 0.7149122807017544, np.str_('soundscapes'): 0.7377049180327869, np.str_('speech'): 0.718526582246318}",COMPLETE
97,0.7364978990996874,2026-09-08 16:07:15.652520,2026-09-08 16:07:39.307912,0 days 00:00:23.655392,0.45999898368639924,32,0.0004876687908852738,"{np.str_('animal'): 0.7087865874172928, np.str_('music'): 0.8399122807017544, np.str_('soundscapes'): 0.7049180327868853, np.str_('speech'): 0.6923746954928173}",COMPLETE
98,0.6969863517024598,2026-09-08 16:07:39.308332,2026-09-08 16:08:14.748740,0 days 00:00:35.440408,0.3543331165814688,32,0.0005911549088512676,"{np.str_('animal'): 0.6114724683189413, np.str_('music'): 0.7899122807017545, np.str_('soundscapes'): 0.6885245901639344, np.str_('speech'): 0.6980360676252092}",COMPLETE
99,0.7378161203844723,2026-09-08 16:08:14.749389,2026-09-08 16:08:37.652328,0 days 00:00:22.902939,0.3318514618698854,64,0.00041281593077003903,"{np.str_('animal'): 0.7117584389368621, np.str_('music'): 0.7973684210526315, np.str_('soundscapes'): 0.7377049180327868, np.str_('speech'): 0.7044327035156088}",COMPLETE
